{"C:\\Users\\artur\\Desktop\\TRABAJOS\\BE BETTER\\enligthneering\\api\\models\\index.js":{"path":"C:\\Users\\artur\\Desktop\\TRABAJOS\\BE BETTER\\enligthneering\\api\\models\\index.js","statementMap":{"0":{"start":{"line":3,"column":11},"end":{"line":3,"column":24}},"1":{"start":{"line":4,"column":13},"end":{"line":4,"column":28}},"2":{"start":{"line":5,"column":18},"end":{"line":5,"column":38}},"3":{"start":{"line":6,"column":17},"end":{"line":6,"column":42}},"4":{"start":{"line":7,"column":15},"end":{"line":7,"column":44}},"5":{"start":{"line":8,"column":11},"end":{"line":8,"column":13}},"6":{"start":{"line":10,"column":18},"end":{"line":10,"column":90}},"7":{"start":{"line":12,"column":0},"end":{"line":20,"column":5}},"8":{"start":{"line":15,"column":4},"end":{"line":15,"column":90}},"9":{"start":{"line":18,"column":18},"end":{"line":18,"column":85}},"10":{"start":{"line":19,"column":4},"end":{"line":19,"column":27}},"11":{"start":{"line":22,"column":0},"end":{"line":26,"column":3}},"12":{"start":{"line":23,"column":2},"end":{"line":25,"column":3}},"13":{"start":{"line":24,"column":4},"end":{"line":24,"column":32}},"14":{"start":{"line":28,"column":0},"end":{"line":28,"column":25}},"15":{"start":{"line":29,"column":0},"end":{"line":29,"column":25}},"16":{"start":{"line":31,"column":0},"end":{"line":31,"column":20}}},"fnMap":{"0":{"name":"(anonymous_0)","decl":{"start":{"line":14,"column":10},"end":{"line":14,"column":11}},"loc":{"start":{"line":14,"column":18},"end":{"line":16,"column":3}},"line":14},"1":{"name":"(anonymous_1)","decl":{"start":{"line":17,"column":11},"end":{"line":17,"column":12}},"loc":{"start":{"line":17,"column":19},"end":{"line":20,"column":3}},"line":17},"2":{"name":"(anonymous_2)","decl":{"start":{"line":22,"column":24},"end":{"line":22,"column":25}},"loc":{"start":{"line":22,"column":37},"end":{"line":26,"column":1}},"line":22}},"branchMap":{"0":{"loc":{"start":{"line":15,"column":11},"end":{"line":15,"column":89}},"type":"binary-expr","locations":[{"start":{"line":15,"column":12},"end":{"line":15,"column":35}},{"start":{"line":15,"column":41},"end":{"line":15,"column":58}},{"start":{"line":15,"column":64},"end":{"line":15,"column":88}}],"line":15},"1":{"loc":{"start":{"line":23,"column":2},"end":{"line":25,"column":3}},"type":"if","locations":[{"start":{"line":23,"column":2},"end":{"line":25,"column":3}},{"start":{"line":23,"column":2},"end":{"line":25,"column":3}}],"line":23}},"s":{"0":1,"1":1,"2":1,"3":1,"4":1,"5":1,"6":1,"7":1,"8":8,"9":7,"10":7,"11":1,"12":7,"13":7,"14":1,"15":1,"16":1},"f":{"0":8,"1":7,"2":7},"b":{"0":[8,8,7],"1":[7,0]},"_coverageSchema":"1a1c01bbd47fc00a2c39e90264f33305004495a9","hash":"5b997d9503587cd79e7a95dbc52acb06b5ec960e","contentHash":"de093f1e4365e6f544b78b092f45db690c131bd9d61eb1c46b89bb130a50910e"},"C:\\Users\\artur\\Desktop\\TRABAJOS\\BE BETTER\\enligthneering\\api\\config\\database.js":{"path":"C:\\Users\\artur\\Desktop\\TRABAJOS\\BE BETTER\\enligthneering\\api\\config\\database.js","statementMap":{"0":{"start":{"line":1,"column":0},"end":{"line":3,"column":2}},"1":{"start":{"line":5,"column":0},"end":{"line":23,"column":1}}},"fnMap":{},"branchMap":{"0":{"loc":{"start":{"line":7,"column":14},"end":{"line":7,"column":47}},"type":"binary-expr","locations":[{"start":{"line":7,"column":14},"end":{"line":7,"column":37}},{"start":{"line":7,"column":41},"end":{"line":7,"column":47}}],"line":7},"1":{"loc":{"start":{"line":8,"column":14},"end":{"line":8,"column":45}},"type":"binary-expr","locations":[{"start":{"line":8,"column":14},"end":{"line":8,"column":37}},{"start":{"line":8,"column":41},"end":{"line":8,"column":45}}],"line":8},"2":{"loc":{"start":{"line":9,"column":14},"end":{"line":9,"column":63}},"type":"binary-expr","locations":[{"start":{"line":9,"column":14},"end":{"line":9,"column":37}},{"start":{"line":9,"column":41},"end":{"line":9,"column":63}}],"line":9},"3":{"loc":{"start":{"line":13,"column":14},"end":{"line":13,"column":48}},"type":"binary-expr","locations":[{"start":{"line":13,"column":14},"end":{"line":13,"column":33}},{"start":{"line":13,"column":37},"end":{"line":13,"column":48}}],"line":13}},"s":{"0":1,"1":1},"f":{},"b":{"0":[1,0],"1":[1,1],"2":[1,0],"3":[1,0]},"_coverageSchema":"1a1c01bbd47fc00a2c39e90264f33305004495a9","hash":"817e5e7d611c5a91d8b2251cae90d5e03d486e12","contentHash":"08010b72aff7cf0ba65e263d1ea27684166ed414a4210543b1c1c8c880e63a2a"},"C:\\Users\\artur\\Desktop\\TRABAJOS\\BE BETTER\\enligthneering\\api\\models\\Location.js":{"path":"C:\\Users\\artur\\Desktop\\TRABAJOS\\BE BETTER\\enligthneering\\api\\models\\Location.js","statementMap":{"0":{"start":{"line":4,"column":4},"end":{"line":4,"column":24}},"1":{"start":{"line":5,"column":0},"end":{"line":46,"column":2}},"2":{"start":{"line":13,"column":6},"end":{"line":13,"column":70}},"3":{"start":{"line":16,"column":2},"end":{"line":44,"column":5}},"4":{"start":{"line":45,"column":2},"end":{"line":45,"column":18}}},"fnMap":{"0":{"name":"(anonymous_0)","decl":{"start":{"line":5,"column":17},"end":{"line":5,"column":18}},"loc":{"start":{"line":5,"column":43},"end":{"line":46,"column":1}},"line":5},"1":{"name":"(anonymous_1)","decl":{"start":{"line":12,"column":4},"end":{"line":12,"column":5}},"loc":{"start":{"line":12,"column":29},"end":{"line":14,"column":5}},"line":12}},"branchMap":{},"s":{"0":1,"1":1,"2":1,"3":1,"4":1},"f":{"0":1,"1":1},"b":{},"_coverageSchema":"1a1c01bbd47fc00a2c39e90264f33305004495a9","hash":"54dd70e6649afcd76878371c56137d431ddc43dc","contentHash":"d65a1272c5aeb0a794a6090c6af0c2c41db03d18dadf5fcbf6ae2d2a17959c40"},"C:\\Users\\artur\\Desktop\\TRABAJOS\\BE BETTER\\enligthneering\\api\\models\\Modules.js":{"path":"C:\\Users\\artur\\Desktop\\TRABAJOS\\BE BETTER\\enligthneering\\api\\models\\Modules.js","statementMap":{"0":{"start":{"line":4,"column":4},"end":{"line":4,"column":24}},"1":{"start":{"line":5,"column":0},"end":{"line":48,"column":2}},"2":{"start":{"line":13,"column":6},"end":{"line":13,"column":76}},"3":{"start":{"line":16,"column":2},"end":{"line":46,"column":5}},"4":{"start":{"line":24,"column":8},"end":{"line":24,"column":56}},"5":{"start":{"line":27,"column":8},"end":{"line":27,"column":67}},"6":{"start":{"line":47,"column":2},"end":{"line":47,"column":17}}},"fnMap":{"0":{"name":"(anonymous_0)","decl":{"start":{"line":5,"column":17},"end":{"line":5,"column":18}},"loc":{"start":{"line":5,"column":43},"end":{"line":48,"column":1}},"line":5},"1":{"name":"(anonymous_1)","decl":{"start":{"line":12,"column":4},"end":{"line":12,"column":5}},"loc":{"start":{"line":12,"column":29},"end":{"line":14,"column":5}},"line":12},"2":{"name":"(anonymous_2)","decl":{"start":{"line":23,"column":11},"end":{"line":23,"column":12}},"loc":{"start":{"line":23,"column":22},"end":{"line":25,"column":7}},"line":23},"3":{"name":"(anonymous_3)","decl":{"start":{"line":26,"column":11},"end":{"line":26,"column":12}},"loc":{"start":{"line":26,"column":27},"end":{"line":28,"column":7}},"line":26}},"branchMap":{},"s":{"0":1,"1":1,"2":1,"3":1,"4":20,"5":0,"6":1},"f":{"0":1,"1":1,"2":20,"3":0},"b":{},"_coverageSchema":"1a1c01bbd47fc00a2c39e90264f33305004495a9","hash":"a6814c488f71fa5fda9328506f9dd939028fa8ca","contentHash":"7682714bd57913b1c2f19084ea727188cbbe1840c7f62697f502e3b06cb58320"},"C:\\Users\\artur\\Desktop\\TRABAJOS\\BE BETTER\\enligthneering\\api\\models\\Permissions.js":{"path":"C:\\Users\\artur\\Desktop\\TRABAJOS\\BE BETTER\\enligthneering\\api\\models\\Permissions.js","statementMap":{"0":{"start":{"line":4,"column":4},"end":{"line":4,"column":24}},"1":{"start":{"line":5,"column":0},"end":{"line":44,"column":2}},"2":{"start":{"line":13,"column":6},"end":{"line":13,"column":71}},"3":{"start":{"line":14,"column":6},"end":{"line":14,"column":76}},"4":{"start":{"line":17,"column":2},"end":{"line":42,"column":5}},"5":{"start":{"line":33,"column":8},"end":{"line":33,"column":56}},"6":{"start":{"line":36,"column":8},"end":{"line":36,"column":67}},"7":{"start":{"line":43,"column":2},"end":{"line":43,"column":21}}},"fnMap":{"0":{"name":"(anonymous_0)","decl":{"start":{"line":5,"column":17},"end":{"line":5,"column":18}},"loc":{"start":{"line":5,"column":43},"end":{"line":44,"column":1}},"line":5},"1":{"name":"(anonymous_1)","decl":{"start":{"line":12,"column":4},"end":{"line":12,"column":5}},"loc":{"start":{"line":12,"column":29},"end":{"line":15,"column":5}},"line":12},"2":{"name":"(anonymous_2)","decl":{"start":{"line":32,"column":11},"end":{"line":32,"column":12}},"loc":{"start":{"line":32,"column":22},"end":{"line":34,"column":7}},"line":32},"3":{"name":"(anonymous_3)","decl":{"start":{"line":35,"column":11},"end":{"line":35,"column":12}},"loc":{"start":{"line":35,"column":27},"end":{"line":37,"column":7}},"line":35}},"branchMap":{},"s":{"0":1,"1":1,"2":1,"3":1,"4":1,"5":20,"6":0,"7":1},"f":{"0":1,"1":1,"2":20,"3":0},"b":{},"_coverageSchema":"1a1c01bbd47fc00a2c39e90264f33305004495a9","hash":"2e2556cb81767e804f1210644134381253630c1e","contentHash":"5a0482395e95013167c453a04548986a960ba700c454d79494462e900ad34e8d"},"C:\\Users\\artur\\Desktop\\TRABAJOS\\BE BETTER\\enligthneering\\api\\models\\Phone.js":{"path":"C:\\Users\\artur\\Desktop\\TRABAJOS\\BE BETTER\\enligthneering\\api\\models\\Phone.js","statementMap":{"0":{"start":{"line":4,"column":4},"end":{"line":4,"column":24}},"1":{"start":{"line":5,"column":0},"end":{"line":46,"column":2}},"2":{"start":{"line":13,"column":6},"end":{"line":13,"column":70}},"3":{"start":{"line":16,"column":2},"end":{"line":44,"column":5}},"4":{"start":{"line":45,"column":2},"end":{"line":45,"column":15}}},"fnMap":{"0":{"name":"(anonymous_0)","decl":{"start":{"line":5,"column":17},"end":{"line":5,"column":18}},"loc":{"start":{"line":5,"column":43},"end":{"line":46,"column":1}},"line":5},"1":{"name":"(anonymous_1)","decl":{"start":{"line":12,"column":5},"end":{"line":12,"column":6}},"loc":{"start":{"line":12,"column":30},"end":{"line":14,"column":5}},"line":12}},"branchMap":{},"s":{"0":1,"1":1,"2":1,"3":1,"4":1},"f":{"0":1,"1":1},"b":{},"_coverageSchema":"1a1c01bbd47fc00a2c39e90264f33305004495a9","hash":"83f9072a96303385cb6908db327c95d6c81f474e","contentHash":"34f9b26c6c34c17ed6a82f722246217b56b7317a28b25c78065c719dd5cb5556"},"C:\\Users\\artur\\Desktop\\TRABAJOS\\BE BETTER\\enligthneering\\api\\models\\Roles.js":{"path":"C:\\Users\\artur\\Desktop\\TRABAJOS\\BE BETTER\\enligthneering\\api\\models\\Roles.js","statementMap":{"0":{"start":{"line":4,"column":4},"end":{"line":4,"column":24}},"1":{"start":{"line":5,"column":0},"end":{"line":32,"column":2}},"2":{"start":{"line":13,"column":6},"end":{"line":13,"column":68}},"3":{"start":{"line":14,"column":6},"end":{"line":14,"column":75}},"4":{"start":{"line":17,"column":2},"end":{"line":30,"column":5}},"5":{"start":{"line":31,"column":2},"end":{"line":31,"column":15}}},"fnMap":{"0":{"name":"(anonymous_0)","decl":{"start":{"line":5,"column":17},"end":{"line":5,"column":18}},"loc":{"start":{"line":5,"column":43},"end":{"line":32,"column":1}},"line":5},"1":{"name":"(anonymous_1)","decl":{"start":{"line":12,"column":4},"end":{"line":12,"column":5}},"loc":{"start":{"line":12,"column":29},"end":{"line":15,"column":5}},"line":12}},"branchMap":{},"s":{"0":1,"1":1,"2":1,"3":1,"4":1,"5":1},"f":{"0":1,"1":1},"b":{},"_coverageSchema":"1a1c01bbd47fc00a2c39e90264f33305004495a9","hash":"fed31519e998ad6de1203d6885321df257b6bf70","contentHash":"1aeb0ee5cbb7723ed3c36deef67e909fd884b83558fa615097bcf2a650436202"},"C:\\Users\\artur\\Desktop\\TRABAJOS\\BE BETTER\\enligthneering\\api\\models\\User.js":{"path":"C:\\Users\\artur\\Desktop\\TRABAJOS\\BE BETTER\\enligthneering\\api\\models\\User.js","statementMap":{"0":{"start":{"line":4,"column":4},"end":{"line":4,"column":24}},"1":{"start":{"line":5,"column":15},"end":{"line":5,"column":32}},"2":{"start":{"line":7,"column":0},"end":{"line":51,"column":2}},"3":{"start":{"line":15,"column":6},"end":{"line":15,"column":72}},"4":{"start":{"line":16,"column":6},"end":{"line":16,"column":69}},"5":{"start":{"line":17,"column":6},"end":{"line":17,"column":73}},"6":{"start":{"line":18,"column":6},"end":{"line":18,"column":71}},"7":{"start":{"line":21,"column":2},"end":{"line":49,"column":5}},"8":{"start":{"line":38,"column":8},"end":{"line":38,"column":66}},"9":{"start":{"line":50,"column":2},"end":{"line":50,"column":14}}},"fnMap":{"0":{"name":"(anonymous_0)","decl":{"start":{"line":7,"column":17},"end":{"line":7,"column":18}},"loc":{"start":{"line":7,"column":43},"end":{"line":51,"column":1}},"line":7},"1":{"name":"(anonymous_1)","decl":{"start":{"line":14,"column":4},"end":{"line":14,"column":5}},"loc":{"start":{"line":14,"column":29},"end":{"line":19,"column":5}},"line":14},"2":{"name":"(anonymous_2)","decl":{"start":{"line":37,"column":6},"end":{"line":37,"column":7}},"loc":{"start":{"line":37,"column":17},"end":{"line":39,"column":7}},"line":37}},"branchMap":{},"s":{"0":1,"1":1,"2":1,"3":1,"4":1,"5":1,"6":1,"7":1,"8":2,"9":1},"f":{"0":1,"1":1,"2":2},"b":{},"_coverageSchema":"1a1c01bbd47fc00a2c39e90264f33305004495a9","hash":"7eab986bc3b734c0ba18a3935dd0ee7a85f61bcf","contentHash":"a8691d05c487c6cc9ebc34fe88d2cd1aa0bc0a22283f371a417137f6199031a0"},"C:\\Users\\artur\\Desktop\\TRABAJOS\\BE BETTER\\enligthneering\\api\\models\\UserEvent.js":{"path":"C:\\Users\\artur\\Desktop\\TRABAJOS\\BE BETTER\\enligthneering\\api\\models\\UserEvent.js","statementMap":{"0":{"start":{"line":4,"column":4},"end":{"line":4,"column":24}},"1":{"start":{"line":5,"column":0},"end":{"line":24,"column":2}},"2":{"start":{"line":13,"column":6},"end":{"line":13,"column":70}},"3":{"start":{"line":16,"column":2},"end":{"line":22,"column":5}},"4":{"start":{"line":23,"column":2},"end":{"line":23,"column":19}}},"fnMap":{"0":{"name":"(anonymous_0)","decl":{"start":{"line":5,"column":17},"end":{"line":5,"column":18}},"loc":{"start":{"line":5,"column":43},"end":{"line":24,"column":1}},"line":5},"1":{"name":"(anonymous_1)","decl":{"start":{"line":12,"column":4},"end":{"line":12,"column":5}},"loc":{"start":{"line":12,"column":29},"end":{"line":14,"column":5}},"line":12}},"branchMap":{},"s":{"0":1,"1":1,"2":1,"3":1,"4":1},"f":{"0":1,"1":1},"b":{},"_coverageSchema":"1a1c01bbd47fc00a2c39e90264f33305004495a9","hash":"e41ce0568d69689df1a8d851daf94600c7a761f3","contentHash":"32aa578bbef930b2fe3e975e0da493321ce338bb3727c18b291522789bebf43f"},"C:\\Users\\artur\\Desktop\\TRABAJOS\\BE BETTER\\enligthneering\\api\\server.js":{"path":"C:\\Users\\artur\\Desktop\\TRABAJOS\\BE BETTER\\enligthneering\\api\\server.js","statementMap":{"0":{"start":{"line":1,"column":0},"end":{"line":3,"column":2}},"1":{"start":{"line":4,"column":16},"end":{"line":4,"column":34}},"2":{"start":{"line":5,"column":20},"end":{"line":5,"column":42}},"3":{"start":{"line":6,"column":15},"end":{"line":6,"column":32}},"4":{"start":{"line":7,"column":13},"end":{"line":7,"column":28}},"5":{"start":{"line":8,"column":17},"end":{"line":8,"column":36}},"6":{"start":{"line":9,"column":15},"end":{"line":9,"column":32}},"7":{"start":{"line":10,"column":11},"end":{"line":10,"column":24}},"8":{"start":{"line":11,"column":13},"end":{"line":11,"column":28}},"9":{"start":{"line":12,"column":14},"end":{"line":12,"column":30}},"10":{"start":{"line":14,"column":13},"end":{"line":14,"column":37}},"11":{"start":{"line":16,"column":12},"end":{"line":16,"column":21}},"12":{"start":{"line":18,"column":0},"end":{"line":20,"column":1}},"13":{"start":{"line":19,"column":4},"end":{"line":19,"column":26}},"14":{"start":{"line":22,"column":0},"end":{"line":22,"column":33}},"15":{"start":{"line":23,"column":0},"end":{"line":23,"column":15}},"16":{"start":{"line":24,"column":0},"end":{"line":24,"column":22}},"17":{"start":{"line":25,"column":0},"end":{"line":25,"column":17}},"18":{"start":{"line":26,"column":0},"end":{"line":26,"column":30}},"19":{"start":{"line":27,"column":0},"end":{"line":27,"column":23}},"20":{"start":{"line":30,"column":0},"end":{"line":30,"column":28}},"21":{"start":{"line":33,"column":0},"end":{"line":48,"column":1}},"22":{"start":{"line":35,"column":23},"end":{"line":35,"column":118}},"23":{"start":{"line":36,"column":24},"end":{"line":36,"column":116}},"24":{"start":{"line":37,"column":15},"end":{"line":37,"column":108}},"25":{"start":{"line":38,"column":24},"end":{"line":42,"column":5}},"26":{"start":{"line":43,"column":24},"end":{"line":43,"column":60}},"27":{"start":{"line":45,"column":4},"end":{"line":47,"column":7}},"28":{"start":{"line":46,"column":8},"end":{"line":46,"column":56}},"29":{"start":{"line":50,"column":19},"end":{"line":50,"column":41}},"30":{"start":{"line":51,"column":0},"end":{"line":53,"column":3}},"31":{"start":{"line":52,"column":4},"end":{"line":52,"column":51}},"32":{"start":{"line":56,"column":0},"end":{"line":56,"column":20}}},"fnMap":{"0":{"name":"(anonymous_0)","decl":{"start":{"line":45,"column":29},"end":{"line":45,"column":30}},"loc":{"start":{"line":45,"column":35},"end":{"line":47,"column":5}},"line":45},"1":{"name":"(anonymous_1)","decl":{"start":{"line":51,"column":24},"end":{"line":51,"column":25}},"loc":{"start":{"line":51,"column":30},"end":{"line":53,"column":1}},"line":51}},"branchMap":{"0":{"loc":{"start":{"line":14,"column":13},"end":{"line":14,"column":37}},"type":"binary-expr","locations":[{"start":{"line":14,"column":13},"end":{"line":14,"column":29}},{"start":{"line":14,"column":33},"end":{"line":14,"column":37}}],"line":14},"1":{"loc":{"start":{"line":18,"column":0},"end":{"line":20,"column":1}},"type":"if","locations":[{"start":{"line":18,"column":0},"end":{"line":20,"column":1}},{"start":{"line":18,"column":0},"end":{"line":20,"column":1}}],"line":18},"2":{"loc":{"start":{"line":33,"column":0},"end":{"line":48,"column":1}},"type":"if","locations":[{"start":{"line":33,"column":0},"end":{"line":48,"column":1}},{"start":{"line":33,"column":0},"end":{"line":48,"column":1}}],"line":33}},"s":{"0":1,"1":1,"2":1,"3":1,"4":1,"5":1,"6":1,"7":1,"8":1,"9":1,"10":1,"11":1,"12":1,"13":0,"14":1,"15":1,"16":1,"17":1,"18":1,"19":1,"20":1,"21":1,"22":0,"23":0,"24":0,"25":0,"26":0,"27":0,"28":0,"29":1,"30":1,"31":1,"32":1},"f":{"0":0,"1":1},"b":{"0":[1,0],"1":[0,1],"2":[0,1]},"_coverageSchema":"1a1c01bbd47fc00a2c39e90264f33305004495a9","hash":"c0778b2a23b86d221cc63c58400474bdc39f2428","contentHash":"38f7357a989a66935115a7bc2a0e419a9b30904e209edf3964251f3f5b4f61e7"},"C:\\Users\\artur\\Desktop\\TRABAJOS\\BE BETTER\\enligthneering\\api\\swagger-options.js":{"path":"C:\\Users\\artur\\Desktop\\TRABAJOS\\BE BETTER\\enligthneering\\api\\swagger-options.js","statementMap":{"0":{"start":{"line":2,"column":21},"end":{"line":2,"column":45}},"1":{"start":{"line":3,"column":18},"end":{"line":3,"column":47}},"2":{"start":{"line":5,"column":23},"end":{"line":157,"column":1}},"3":{"start":{"line":158,"column":20},"end":{"line":158,"column":48}},"4":{"start":{"line":160,"column":0},"end":{"line":162,"column":1}},"5":{"start":{"line":161,"column":4},"end":{"line":161,"column":71}}},"fnMap":{"0":{"name":"(anonymous_0)","decl":{"start":{"line":160,"column":17},"end":{"line":160,"column":18}},"loc":{"start":{"line":160,"column":31},"end":{"line":162,"column":1}},"line":160}},"branchMap":{"0":{"loc":{"start":{"line":160,"column":18},"end":{"line":160,"column":26}},"type":"default-arg","locations":[{"start":{"line":160,"column":24},"end":{"line":160,"column":26}}],"line":160}},"s":{"0":1,"1":1,"2":1,"3":1,"4":1,"5":1},"f":{"0":1},"b":{"0":[0]},"_coverageSchema":"1a1c01bbd47fc00a2c39e90264f33305004495a9","hash":"0b3c2054cca7addf96fb1c5ef36dcc069c7fd6b5","contentHash":"e94dc995fa28ddf45ff024b3615b36f6b57f33a5b9840bb9f36536ce97b97cf5"},"C:\\Users\\artur\\Desktop\\TRABAJOS\\BE BETTER\\enligthneering\\api\\routes\\index.js":{"path":"C:\\Users\\artur\\Desktop\\TRABAJOS\\BE BETTER\\enligthneering\\api\\routes\\index.js","statementMap":{"0":{"start":{"line":3,"column":16},"end":{"line":3,"column":34}},"1":{"start":{"line":5,"column":15},"end":{"line":5,"column":31}},"2":{"start":{"line":6,"column":11},"end":{"line":6,"column":24}},"3":{"start":{"line":8,"column":19},"end":{"line":8,"column":34}},"4":{"start":{"line":9,"column":36},"end":{"line":9,"column":66}},"5":{"start":{"line":16,"column":0},"end":{"line":16,"column":34}},"6":{"start":{"line":19,"column":0},"end":{"line":26,"column":2}},"7":{"start":{"line":21,"column":22},"end":{"line":21,"column":51}},"8":{"start":{"line":23,"column":4},"end":{"line":25,"column":12}},"9":{"start":{"line":31,"column":0},"end":{"line":33,"column":2}},"10":{"start":{"line":32,"column":4},"end":{"line":32,"column":23}},"11":{"start":{"line":38,"column":0},"end":{"line":44,"column":2}},"12":{"start":{"line":39,"column":4},"end":{"line":43,"column":6}},"13":{"start":{"line":46,"column":0},"end":{"line":46,"column":23}}},"fnMap":{"0":{"name":"(anonymous_0)","decl":{"start":{"line":19,"column":34},"end":{"line":19,"column":35}},"loc":{"start":{"line":19,"column":44},"end":{"line":26,"column":1}},"line":19},"1":{"name":"(anonymous_1)","decl":{"start":{"line":31,"column":16},"end":{"line":31,"column":17}},"loc":{"start":{"line":31,"column":30},"end":{"line":33,"column":1}},"line":31},"2":{"name":"(anonymous_2)","decl":{"start":{"line":38,"column":16},"end":{"line":38,"column":17}},"loc":{"start":{"line":38,"column":30},"end":{"line":44,"column":1}},"line":38}},"branchMap":{"0":{"loc":{"start":{"line":23,"column":11},"end":{"line":25,"column":12}},"type":"cond-expr","locations":[{"start":{"line":24,"column":10},"end":{"line":24,"column":64}},{"start":{"line":25,"column":10},"end":{"line":25,"column":12}}],"line":23},"1":{"loc":{"start":{"line":23,"column":11},"end":{"line":23,"column":56}},"type":"binary-expr","locations":[{"start":{"line":23,"column":11},"end":{"line":23,"column":32}},{"start":{"line":23,"column":36},"end":{"line":23,"column":56}}],"line":23}},"s":{"0":1,"1":1,"2":1,"3":1,"4":1,"5":1,"6":1,"7":8,"8":8,"9":1,"10":0,"11":1,"12":1,"13":1},"f":{"0":8,"1":0,"2":1},"b":{"0":[6,2],"1":[8,7]},"_coverageSchema":"1a1c01bbd47fc00a2c39e90264f33305004495a9","hash":"63c3b6494e9bf78b43535af49d0296c8ff78881e","contentHash":"b3f0c97a00f2e50542e0dc4fc57750447eb77fe1e210d09f9b249aae79059afa"},"C:\\Users\\artur\\Desktop\\TRABAJOS\\BE BETTER\\enligthneering\\api\\middleware\\utils.js":{"path":"C:\\Users\\artur\\Desktop\\TRABAJOS\\BE BETTER\\enligthneering\\api\\middleware\\utils.js","statementMap":{"0":{"start":{"line":1,"column":29},"end":{"line":1,"column":57}},"1":{"start":{"line":2,"column":13},"end":{"line":2,"column":38}},"2":{"start":{"line":8,"column":0},"end":{"line":10,"column":1}},"3":{"start":{"line":9,"column":4},"end":{"line":9,"column":60}},"4":{"start":{"line":17,"column":0},"end":{"line":28,"column":1}},"5":{"start":{"line":19,"column":4},"end":{"line":21,"column":5}},"6":{"start":{"line":20,"column":8},"end":{"line":20,"column":24}},"7":{"start":{"line":23,"column":4},"end":{"line":27,"column":6}},"8":{"start":{"line":35,"column":0},"end":{"line":40,"column":1}},"9":{"start":{"line":36,"column":4},"end":{"line":39,"column":5}},"10":{"start":{"line":48,"column":0},"end":{"line":58,"column":1}},"11":{"start":{"line":49,"column":4},"end":{"line":57,"column":5}},"12":{"start":{"line":50,"column":8},"end":{"line":50,"column":37}},"13":{"start":{"line":51,"column":8},"end":{"line":53,"column":9}},"14":{"start":{"line":52,"column":12},"end":{"line":52,"column":57}},"15":{"start":{"line":54,"column":8},"end":{"line":54,"column":21}},"16":{"start":{"line":56,"column":8},"end":{"line":56,"column":75}}},"fnMap":{"0":{"name":"(anonymous_0)","decl":{"start":{"line":8,"column":34},"end":{"line":8,"column":35}},"loc":{"start":{"line":8,"column":44},"end":{"line":10,"column":1}},"line":8},"1":{"name":"(anonymous_1)","decl":{"start":{"line":17,"column":22},"end":{"line":17,"column":23}},"loc":{"start":{"line":17,"column":36},"end":{"line":28,"column":1}},"line":17},"2":{"name":"(anonymous_2)","decl":{"start":{"line":35,"column":25},"end":{"line":35,"column":26}},"loc":{"start":{"line":35,"column":44},"end":{"line":40,"column":1}},"line":35},"3":{"name":"(anonymous_3)","decl":{"start":{"line":48,"column":27},"end":{"line":48,"column":28}},"loc":{"start":{"line":48,"column":47},"end":{"line":58,"column":1}},"line":48}},"branchMap":{"0":{"loc":{"start":{"line":19,"column":4},"end":{"line":21,"column":5}},"type":"if","locations":[{"start":{"line":19,"column":4},"end":{"line":21,"column":5}},{"start":{"line":19,"column":4},"end":{"line":21,"column":5}}],"line":19},"1":{"loc":{"start":{"line":51,"column":8},"end":{"line":53,"column":9}},"type":"if","locations":[{"start":{"line":51,"column":8},"end":{"line":53,"column":9}},{"start":{"line":51,"column":8},"end":{"line":53,"column":9}}],"line":51}},"s":{"0":1,"1":1,"2":1,"3":8,"4":1,"5":5,"6":0,"7":5,"8":1,"9":7,"10":1,"11":7,"12":7,"13":5,"14":5,"15":5,"16":2},"f":{"0":8,"1":5,"2":7,"3":7},"b":{"0":[0,5],"1":[5,0]},"_coverageSchema":"1a1c01bbd47fc00a2c39e90264f33305004495a9","hash":"e9709aee8aaae0fcccc6e273344aec2939c2f6e0","contentHash":"a3a15141acdf937aafbaa385239185892ffe54109892655e90a4bd2fc63f6ba4"},"C:\\Users\\artur\\Desktop\\TRABAJOS\\BE BETTER\\enligthneering\\api\\routes\\auth.js":{"path":"C:\\Users\\artur\\Desktop\\TRABAJOS\\BE BETTER\\enligthneering\\api\\routes\\auth.js","statementMap":{"0":{"start":{"line":1,"column":16},"end":{"line":1,"column":34}},"1":{"start":{"line":2,"column":17},"end":{"line":2,"column":36}},"2":{"start":{"line":3,"column":20},"end":{"line":3,"column":43}},"3":{"start":{"line":4,"column":19},"end":{"line":4,"column":49}},"4":{"start":{"line":5,"column":17},"end":{"line":5,"column":56}},"5":{"start":{"line":7,"column":15},"end":{"line":7,"column":31}},"6":{"start":{"line":8,"column":0},"end":{"line":8,"column":29}},"7":{"start":{"line":10,"column":20},"end":{"line":12,"column":2}},"8":{"start":{"line":39,"column":0},"end":{"line":44,"column":1}},"9":{"start":{"line":64,"column":0},"end":{"line":69,"column":1}},"10":{"start":{"line":98,"column":0},"end":{"line":103,"column":1}},"11":{"start":{"line":105,"column":0},"end":{"line":105,"column":23}}},"fnMap":{},"branchMap":{},"s":{"0":1,"1":1,"2":1,"3":1,"4":1,"5":1,"6":1,"7":1,"8":1,"9":1,"10":1,"11":1},"f":{},"b":{},"_coverageSchema":"1a1c01bbd47fc00a2c39e90264f33305004495a9","hash":"e693593bf95212afeed24869f683a102885d7a7a","contentHash":"27902ecd6e39d38c78143d5d9420862a7d597a468f293adf511c8eef2cff513c"},"C:\\Users\\artur\\Desktop\\TRABAJOS\\BE BETTER\\enligthneering\\api\\controllers\\auth.js":{"path":"C:\\Users\\artur\\Desktop\\TRABAJOS\\BE BETTER\\enligthneering\\api\\controllers\\auth.js","statementMap":{"0":{"start":{"line":1,"column":17},"end":{"line":1,"column":37}},"1":{"start":{"line":2,"column":14},"end":{"line":2,"column":44}},"2":{"start":{"line":3,"column":13},"end":{"line":3,"column":42}},"3":{"start":{"line":4,"column":22},"end":{"line":4,"column":50}},"4":{"start":{"line":14,"column":24},"end":{"line":25,"column":1}},"5":{"start":{"line":15,"column":4},"end":{"line":24,"column":6}},"6":{"start":{"line":16,"column":8},"end":{"line":23,"column":85}},"7":{"start":{"line":20,"column":16},"end":{"line":21,"column":34}},"8":{"start":{"line":20,"column":26},"end":{"line":20,"column":82}},"9":{"start":{"line":21,"column":21},"end":{"line":21,"column":34}},"10":{"start":{"line":23,"column":28},"end":{"line":23,"column":84}},"11":{"start":{"line":31,"column":21},"end":{"line":45,"column":1}},"12":{"start":{"line":32,"column":4},"end":{"line":44,"column":6}},"13":{"start":{"line":33,"column":21},"end":{"line":39,"column":9}},"14":{"start":{"line":41,"column":8},"end":{"line":43,"column":76}},"15":{"start":{"line":42,"column":26},"end":{"line":42,"column":39}},"16":{"start":{"line":43,"column":25},"end":{"line":43,"column":75}},"17":{"start":{"line":56,"column":0},"end":{"line":68,"column":1}},"18":{"start":{"line":57,"column":4},"end":{"line":67,"column":5}},"19":{"start":{"line":58,"column":8},"end":{"line":58,"column":30}},"20":{"start":{"line":59,"column":21},"end":{"line":59,"column":44}},"21":{"start":{"line":60,"column":8},"end":{"line":64,"column":10}},"22":{"start":{"line":66,"column":8},"end":{"line":66,"column":74}},"23":{"start":{"line":75,"column":0},"end":{"line":93,"column":1}},"24":{"start":{"line":76,"column":4},"end":{"line":92,"column":5}},"25":{"start":{"line":77,"column":21},"end":{"line":77,"column":37}},"26":{"start":{"line":78,"column":21},"end":{"line":78,"column":54}},"27":{"start":{"line":79,"column":32},"end":{"line":79,"column":86}},"28":{"start":{"line":80,"column":8},"end":{"line":89,"column":9}},"29":{"start":{"line":81,"column":12},"end":{"line":81,"column":79}},"30":{"start":{"line":84,"column":12},"end":{"line":88,"column":14}},"31":{"start":{"line":91,"column":8},"end":{"line":91,"column":37}},"32":{"start":{"line":100,"column":0},"end":{"line":116,"column":1}},"33":{"start":{"line":101,"column":4},"end":{"line":115,"column":5}},"34":{"start":{"line":102,"column":31},"end":{"line":104,"column":19}},"35":{"start":{"line":105,"column":19},"end":{"line":105,"column":64}},"36":{"start":{"line":106,"column":21},"end":{"line":106,"column":48}},"37":{"start":{"line":108,"column":8},"end":{"line":112,"column":10}},"38":{"start":{"line":114,"column":8},"end":{"line":114,"column":70}}},"fnMap":{"0":{"name":"(anonymous_0)","decl":{"start":{"line":14,"column":24},"end":{"line":14,"column":25}},"loc":{"start":{"line":14,"column":41},"end":{"line":25,"column":1}},"line":14},"1":{"name":"(anonymous_1)","decl":{"start":{"line":15,"column":23},"end":{"line":15,"column":24}},"loc":{"start":{"line":15,"column":44},"end":{"line":24,"column":5}},"line":15},"2":{"name":"(anonymous_2)","decl":{"start":{"line":19,"column":18},"end":{"line":19,"column":19}},"loc":{"start":{"line":19,"column":28},"end":{"line":22,"column":13}},"line":19},"3":{"name":"(anonymous_3)","decl":{"start":{"line":23,"column":19},"end":{"line":23,"column":20}},"loc":{"start":{"line":23,"column":28},"end":{"line":23,"column":84}},"line":23},"4":{"name":"(anonymous_4)","decl":{"start":{"line":31,"column":21},"end":{"line":31,"column":22}},"loc":{"start":{"line":31,"column":36},"end":{"line":45,"column":1}},"line":31},"5":{"name":"(anonymous_5)","decl":{"start":{"line":32,"column":23},"end":{"line":32,"column":24}},"loc":{"start":{"line":32,"column":44},"end":{"line":44,"column":5}},"line":32},"6":{"name":"(anonymous_6)","decl":{"start":{"line":42,"column":18},"end":{"line":42,"column":19}},"loc":{"start":{"line":42,"column":26},"end":{"line":42,"column":39}},"line":42},"7":{"name":"(anonymous_7)","decl":{"start":{"line":43,"column":19},"end":{"line":43,"column":20}},"loc":{"start":{"line":43,"column":25},"end":{"line":43,"column":75}},"line":43},"8":{"name":"(anonymous_8)","decl":{"start":{"line":56,"column":19},"end":{"line":56,"column":20}},"loc":{"start":{"line":56,"column":39},"end":{"line":68,"column":1}},"line":56},"9":{"name":"(anonymous_9)","decl":{"start":{"line":75,"column":16},"end":{"line":75,"column":17}},"loc":{"start":{"line":75,"column":36},"end":{"line":93,"column":1}},"line":75},"10":{"name":"(anonymous_10)","decl":{"start":{"line":100,"column":26},"end":{"line":100,"column":27}},"loc":{"start":{"line":100,"column":46},"end":{"line":116,"column":1}},"line":100}},"branchMap":{"0":{"loc":{"start":{"line":20,"column":16},"end":{"line":21,"column":34}},"type":"if","locations":[{"start":{"line":20,"column":16},"end":{"line":21,"column":34}},{"start":{"line":20,"column":16},"end":{"line":21,"column":34}}],"line":20},"1":{"loc":{"start":{"line":80,"column":8},"end":{"line":89,"column":9}},"type":"if","locations":[{"start":{"line":80,"column":8},"end":{"line":89,"column":9}},{"start":{"line":80,"column":8},"end":{"line":89,"column":9}}],"line":80}},"s":{"0":1,"1":1,"2":1,"3":1,"4":1,"5":3,"6":3,"7":3,"8":1,"9":2,"10":0,"11":1,"12":2,"13":2,"14":2,"15":1,"16":1,"17":1,"18":2,"19":2,"20":2,"21":1,"22":1,"23":1,"24":3,"25":3,"26":3,"27":2,"28":2,"29":1,"30":1,"31":1,"32":1,"33":1,"34":1,"35":1,"36":1,"37":1,"38":0},"f":{"0":3,"1":3,"2":3,"3":0,"4":2,"5":2,"6":1,"7":1,"8":2,"9":3,"10":1},"b":{"0":[1,2],"1":[1,1]},"_coverageSchema":"1a1c01bbd47fc00a2c39e90264f33305004495a9","hash":"0b52df736a92c856e2d6efba627f2643fbd40e46","contentHash":"22045b6f8dec5e89e1bb10a2a2c74ed213798dc3799c6138af17eb8195f600e5"},"C:\\Users\\artur\\Desktop\\TRABAJOS\\BE BETTER\\enligthneering\\api\\middleware\\auth.js":{"path":"C:\\Users\\artur\\Desktop\\TRABAJOS\\BE BETTER\\enligthneering\\api\\middleware\\auth.js","statementMap":{"0":{"start":{"line":1,"column":15},"end":{"line":1,"column":32}},"1":{"start":{"line":2,"column":12},"end":{"line":2,"column":35}},"2":{"start":{"line":3,"column":15},"end":{"line":3,"column":32}},"3":{"start":{"line":4,"column":45},"end":{"line":4,"column":65}},"4":{"start":{"line":5,"column":14},"end":{"line":5,"column":44}},"5":{"start":{"line":7,"column":15},"end":{"line":7,"column":37}},"6":{"start":{"line":8,"column":18},"end":{"line":8,"column":31}},"7":{"start":{"line":11,"column":12},"end":{"line":11,"column":49}},"8":{"start":{"line":12,"column":11},"end":{"line":12,"column":30}},"9":{"start":{"line":23,"column":22},"end":{"line":30,"column":1}},"10":{"start":{"line":24,"column":19},"end":{"line":24,"column":60}},"11":{"start":{"line":26,"column":20},"end":{"line":26,"column":54}},"12":{"start":{"line":27,"column":4},"end":{"line":27,"column":36}},"13":{"start":{"line":29,"column":4},"end":{"line":29,"column":20}},"14":{"start":{"line":40,"column":0},"end":{"line":56,"column":1}},"15":{"start":{"line":42,"column":23},"end":{"line":42,"column":97}},"16":{"start":{"line":45,"column":4},"end":{"line":55,"column":5}},"17":{"start":{"line":62,"column":0},"end":{"line":70,"column":1}},"18":{"start":{"line":63,"column":4},"end":{"line":69,"column":5}},"19":{"start":{"line":76,"column":0},"end":{"line":92,"column":1}},"20":{"start":{"line":77,"column":4},"end":{"line":91,"column":6}},"21":{"start":{"line":78,"column":8},"end":{"line":90,"column":80}},"22":{"start":{"line":88,"column":12},"end":{"line":88,"column":25}},"23":{"start":{"line":90,"column":21},"end":{"line":90,"column":79}},"24":{"start":{"line":100,"column":0},"end":{"line":104,"column":1}},"25":{"start":{"line":101,"column":4},"end":{"line":103,"column":6}},"26":{"start":{"line":102,"column":8},"end":{"line":102,"column":72}},"27":{"start":{"line":102,"column":56},"end":{"line":102,"column":71}},"28":{"start":{"line":110,"column":0},"end":{"line":120,"column":1}},"29":{"start":{"line":111,"column":4},"end":{"line":119,"column":6}},"30":{"start":{"line":113,"column":8},"end":{"line":118,"column":10}},"31":{"start":{"line":114,"column":12},"end":{"line":116,"column":13}},"32":{"start":{"line":115,"column":16},"end":{"line":115,"column":62}},"33":{"start":{"line":117,"column":12},"end":{"line":117,"column":36}},"34":{"start":{"line":126,"column":0},"end":{"line":135,"column":1}},"35":{"start":{"line":127,"column":4},"end":{"line":134,"column":6}},"36":{"start":{"line":128,"column":8},"end":{"line":133,"column":72}},"37":{"start":{"line":130,"column":16},"end":{"line":131,"column":34}},"38":{"start":{"line":130,"column":27},"end":{"line":130,"column":73}},"39":{"start":{"line":131,"column":21},"end":{"line":131,"column":34}},"40":{"start":{"line":133,"column":25},"end":{"line":133,"column":71}},"41":{"start":{"line":141,"column":0},"end":{"line":151,"column":1}},"42":{"start":{"line":142,"column":21},"end":{"line":142,"column":64}},"43":{"start":{"line":144,"column":4},"end":{"line":150,"column":5}},"44":{"start":{"line":145,"column":24},"end":{"line":145,"column":60}},"45":{"start":{"line":146,"column":8},"end":{"line":146,"column":43}},"46":{"start":{"line":147,"column":8},"end":{"line":147,"column":24}},"47":{"start":{"line":149,"column":8},"end":{"line":149,"column":18}}},"fnMap":{"0":{"name":"(anonymous_0)","decl":{"start":{"line":23,"column":22},"end":{"line":23,"column":23}},"loc":{"start":{"line":23,"column":32},"end":{"line":30,"column":1}},"line":23},"1":{"name":"(anonymous_1)","decl":{"start":{"line":40,"column":24},"end":{"line":40,"column":25}},"loc":{"start":{"line":40,"column":34},"end":{"line":56,"column":1}},"line":40},"2":{"name":"(anonymous_2)","decl":{"start":{"line":62,"column":22},"end":{"line":62,"column":23}},"loc":{"start":{"line":62,"column":32},"end":{"line":70,"column":1}},"line":62},"3":{"name":"(anonymous_3)","decl":{"start":{"line":76,"column":25},"end":{"line":76,"column":26}},"loc":{"start":{"line":76,"column":37},"end":{"line":92,"column":1}},"line":76},"4":{"name":"(anonymous_4)","decl":{"start":{"line":77,"column":23},"end":{"line":77,"column":24}},"loc":{"start":{"line":77,"column":44},"end":{"line":91,"column":5}},"line":77},"5":{"name":"(anonymous_5)","decl":{"start":{"line":87,"column":14},"end":{"line":87,"column":15}},"loc":{"start":{"line":87,"column":24},"end":{"line":89,"column":9}},"line":87},"6":{"name":"(anonymous_6)","decl":{"start":{"line":90,"column":15},"end":{"line":90,"column":16}},"loc":{"start":{"line":90,"column":21},"end":{"line":90,"column":79}},"line":90},"7":{"name":"(anonymous_7)","decl":{"start":{"line":100,"column":24},"end":{"line":100,"column":25}},"loc":{"start":{"line":100,"column":50},"end":{"line":104,"column":1}},"line":100},"8":{"name":"(anonymous_8)","decl":{"start":{"line":101,"column":23},"end":{"line":101,"column":24}},"loc":{"start":{"line":101,"column":36},"end":{"line":103,"column":5}},"line":101},"9":{"name":"(anonymous_9)","decl":{"start":{"line":102,"column":39},"end":{"line":102,"column":40}},"loc":{"start":{"line":102,"column":56},"end":{"line":102,"column":71}},"line":102},"10":{"name":"(anonymous_10)","decl":{"start":{"line":110,"column":29},"end":{"line":110,"column":30}},"loc":{"start":{"line":110,"column":40},"end":{"line":120,"column":1}},"line":110},"11":{"name":"(anonymous_11)","decl":{"start":{"line":111,"column":23},"end":{"line":111,"column":24}},"loc":{"start":{"line":111,"column":44},"end":{"line":119,"column":5}},"line":111},"12":{"name":"(anonymous_12)","decl":{"start":{"line":113,"column":70},"end":{"line":113,"column":71}},"loc":{"start":{"line":113,"column":88},"end":{"line":118,"column":9}},"line":113},"13":{"name":"(anonymous_13)","decl":{"start":{"line":126,"column":23},"end":{"line":126,"column":24}},"loc":{"start":{"line":126,"column":31},"end":{"line":135,"column":1}},"line":126},"14":{"name":"(anonymous_14)","decl":{"start":{"line":127,"column":23},"end":{"line":127,"column":24}},"loc":{"start":{"line":127,"column":44},"end":{"line":134,"column":5}},"line":127},"15":{"name":"(anonymous_15)","decl":{"start":{"line":129,"column":18},"end":{"line":129,"column":19}},"loc":{"start":{"line":129,"column":28},"end":{"line":132,"column":13}},"line":129},"16":{"name":"(anonymous_16)","decl":{"start":{"line":133,"column":19},"end":{"line":133,"column":20}},"loc":{"start":{"line":133,"column":25},"end":{"line":133,"column":71}},"line":133},"17":{"name":"(anonymous_17)","decl":{"start":{"line":141,"column":24},"end":{"line":141,"column":25}},"loc":{"start":{"line":141,"column":34},"end":{"line":151,"column":1}},"line":141}},"branchMap":{"0":{"loc":{"start":{"line":114,"column":12},"end":{"line":116,"column":13}},"type":"if","locations":[{"start":{"line":114,"column":12},"end":{"line":116,"column":13}},{"start":{"line":114,"column":12},"end":{"line":116,"column":13}}],"line":114},"1":{"loc":{"start":{"line":130,"column":16},"end":{"line":131,"column":34}},"type":"if","locations":[{"start":{"line":130,"column":16},"end":{"line":131,"column":34}},{"start":{"line":130,"column":16},"end":{"line":131,"column":34}}],"line":130}},"s":{"0":1,"1":1,"2":1,"3":1,"4":1,"5":1,"6":1,"7":1,"8":1,"9":1,"10":3,"11":3,"12":3,"13":3,"14":1,"15":3,"16":3,"17":1,"18":3,"19":1,"20":3,"21":3,"22":3,"23":0,"24":1,"25":2,"26":2,"27":2,"28":1,"29":1,"30":1,"31":1,"32":0,"33":1,"34":1,"35":1,"36":1,"37":1,"38":0,"39":1,"40":0,"41":1,"42":2,"43":2,"44":2,"45":2,"46":2,"47":0},"f":{"0":3,"1":3,"2":3,"3":3,"4":3,"5":3,"6":0,"7":2,"8":2,"9":2,"10":1,"11":1,"12":1,"13":1,"14":1,"15":1,"16":0,"17":2},"b":{"0":[0,1],"1":[0,1]},"_coverageSchema":"1a1c01bbd47fc00a2c39e90264f33305004495a9","hash":"fe15339c1cb1b914268e1a7c8fbb595f67c2f8cf","contentHash":"2246b586bb712c640f9cd7afb821a8239f0ccc419f2097757aa6ba8fe6e08c9b"},"C:\\Users\\artur\\Desktop\\TRABAJOS\\BE BETTER\\enligthneering\\api\\controllers\\auth.validate.js":{"path":"C:\\Users\\artur\\Desktop\\TRABAJOS\\BE BETTER\\enligthneering\\api\\controllers\\auth.validate.js","statementMap":{"0":{"start":{"line":1,"column":18},"end":{"line":1,"column":46}},"1":{"start":{"line":2,"column":29},"end":{"line":2,"column":59}},"2":{"start":{"line":7,"column":0},"end":{"line":43,"column":1}},"3":{"start":{"line":41,"column":8},"end":{"line":41,"column":40}},"4":{"start":{"line":48,"column":0},"end":{"line":70,"column":1}},"5":{"start":{"line":68,"column":8},"end":{"line":68,"column":40}},"6":{"start":{"line":75,"column":0},"end":{"line":85,"column":1}},"7":{"start":{"line":83,"column":8},"end":{"line":83,"column":40}},"8":{"start":{"line":90,"column":0},"end":{"line":102,"column":1}},"9":{"start":{"line":100,"column":8},"end":{"line":100,"column":40}},"10":{"start":{"line":107,"column":0},"end":{"line":127,"column":1}},"11":{"start":{"line":125,"column":8},"end":{"line":125,"column":40}}},"fnMap":{"0":{"name":"(anonymous_0)","decl":{"start":{"line":40,"column":4},"end":{"line":40,"column":5}},"loc":{"start":{"line":40,"column":24},"end":{"line":42,"column":5}},"line":40},"1":{"name":"(anonymous_1)","decl":{"start":{"line":67,"column":4},"end":{"line":67,"column":5}},"loc":{"start":{"line":67,"column":24},"end":{"line":69,"column":5}},"line":67},"2":{"name":"(anonymous_2)","decl":{"start":{"line":82,"column":4},"end":{"line":82,"column":5}},"loc":{"start":{"line":82,"column":24},"end":{"line":84,"column":5}},"line":82},"3":{"name":"(anonymous_3)","decl":{"start":{"line":99,"column":4},"end":{"line":99,"column":5}},"loc":{"start":{"line":99,"column":24},"end":{"line":101,"column":5}},"line":99},"4":{"name":"(anonymous_4)","decl":{"start":{"line":124,"column":4},"end":{"line":124,"column":5}},"loc":{"start":{"line":124,"column":24},"end":{"line":126,"column":5}},"line":124}},"branchMap":{},"s":{"0":1,"1":1,"2":1,"3":3,"4":1,"5":4,"6":1,"7":0,"8":1,"9":0,"10":1,"11":0},"f":{"0":3,"1":4,"2":0,"3":0,"4":0},"b":{},"_coverageSchema":"1a1c01bbd47fc00a2c39e90264f33305004495a9","hash":"74fc31f8197c66bfd593565f58b687a1a3ae37ab","contentHash":"e0ff316a0eb4c45b20932fe83a99eb1072d66f265a18bf9e4ca99e22e573528b"},"C:\\Users\\artur\\Desktop\\TRABAJOS\\BE BETTER\\enligthneering\\api\\config\\passport.js":{"path":"C:\\Users\\artur\\Desktop\\TRABAJOS\\BE BETTER\\enligthneering\\api\\config\\passport.js","statementMap":{"0":{"start":{"line":2,"column":17},"end":{"line":2,"column":36}},"1":{"start":{"line":3,"column":15},"end":{"line":3,"column":35}},"2":{"start":{"line":4,"column":13},"end":{"line":4,"column":42}},"3":{"start":{"line":5,"column":14},"end":{"line":5,"column":44}},"4":{"start":{"line":6,"column":20},"end":{"line":6,"column":52}},"5":{"start":{"line":13,"column":21},"end":{"line":27,"column":1}},"6":{"start":{"line":14,"column":16},"end":{"line":14,"column":20}},"7":{"start":{"line":15,"column":4},"end":{"line":21,"column":5}},"8":{"start":{"line":16,"column":8},"end":{"line":16,"column":71}},"9":{"start":{"line":17,"column":11},"end":{"line":21,"column":5}},"10":{"start":{"line":18,"column":8},"end":{"line":18,"column":37}},"11":{"start":{"line":19,"column":11},"end":{"line":21,"column":5}},"12":{"start":{"line":20,"column":8},"end":{"line":20,"column":38}},"13":{"start":{"line":22,"column":4},"end":{"line":25,"column":5}},"14":{"start":{"line":24,"column":8},"end":{"line":24,"column":41}},"15":{"start":{"line":26,"column":4},"end":{"line":26,"column":16}},"16":{"start":{"line":32,"column":19},"end":{"line":35,"column":1}},"17":{"start":{"line":40,"column":17},"end":{"line":44,"column":2}},"18":{"start":{"line":41,"column":4},"end":{"line":43,"column":41}},"19":{"start":{"line":42,"column":24},"end":{"line":42,"column":68}},"20":{"start":{"line":43,"column":24},"end":{"line":43,"column":40}},"21":{"start":{"line":46,"column":0},"end":{"line":46,"column":22}}},"fnMap":{"0":{"name":"(anonymous_0)","decl":{"start":{"line":13,"column":21},"end":{"line":13,"column":22}},"loc":{"start":{"line":13,"column":30},"end":{"line":27,"column":1}},"line":13},"1":{"name":"(anonymous_1)","decl":{"start":{"line":40,"column":45},"end":{"line":40,"column":46}},"loc":{"start":{"line":40,"column":64},"end":{"line":44,"column":1}},"line":40},"2":{"name":"(anonymous_2)","decl":{"start":{"line":42,"column":14},"end":{"line":42,"column":15}},"loc":{"start":{"line":42,"column":24},"end":{"line":42,"column":68}},"line":42},"3":{"name":"(anonymous_3)","decl":{"start":{"line":43,"column":15},"end":{"line":43,"column":16}},"loc":{"start":{"line":43,"column":24},"end":{"line":43,"column":40}},"line":43}},"branchMap":{"0":{"loc":{"start":{"line":15,"column":4},"end":{"line":21,"column":5}},"type":"if","locations":[{"start":{"line":15,"column":4},"end":{"line":21,"column":5}},{"start":{"line":15,"column":4},"end":{"line":21,"column":5}}],"line":15},"1":{"loc":{"start":{"line":17,"column":11},"end":{"line":21,"column":5}},"type":"if","locations":[{"start":{"line":17,"column":11},"end":{"line":21,"column":5}},{"start":{"line":17,"column":11},"end":{"line":21,"column":5}}],"line":17},"2":{"loc":{"start":{"line":19,"column":11},"end":{"line":21,"column":5}},"type":"if","locations":[{"start":{"line":19,"column":11},"end":{"line":21,"column":5}},{"start":{"line":19,"column":11},"end":{"line":21,"column":5}}],"line":19},"3":{"loc":{"start":{"line":22,"column":4},"end":{"line":25,"column":5}},"type":"if","locations":[{"start":{"line":22,"column":4},"end":{"line":25,"column":5}},{"start":{"line":22,"column":4},"end":{"line":25,"column":5}}],"line":22},"4":{"loc":{"start":{"line":42,"column":24},"end":{"line":42,"column":68}},"type":"cond-expr","locations":[{"start":{"line":42,"column":32},"end":{"line":42,"column":49}},{"start":{"line":42,"column":52},"end":{"line":42,"column":68}}],"line":42}},"s":{"0":1,"1":1,"2":1,"3":1,"4":1,"5":1,"6":2,"7":2,"8":1,"9":1,"10":0,"11":1,"12":0,"13":2,"14":1,"15":2,"16":1,"17":1,"18":1,"19":1,"20":0,"21":1},"f":{"0":2,"1":1,"2":1,"3":0},"b":{"0":[1,1],"1":[0,1],"2":[0,1],"3":[1,1],"4":[0,1]},"_coverageSchema":"1a1c01bbd47fc00a2c39e90264f33305004495a9","hash":"4765d7aff0baa9ab20b0e16a8e60312a7fb28267","contentHash":"069d273ee0661fb305d5a50f3d7142424b2af8bf82e4e158cd83101ab7de859d"},"C:\\Users\\artur\\Desktop\\TRABAJOS\\BE BETTER\\enligthneering\\api\\routes\\events.js":{"path":"C:\\Users\\artur\\Desktop\\TRABAJOS\\BE BETTER\\enligthneering\\api\\routes\\events.js","statementMap":{"0":{"start":{"line":1,"column":16},"end":{"line":1,"column":34}},"1":{"start":{"line":2,"column":17},"end":{"line":2,"column":36}},"2":{"start":{"line":3,"column":20},"end":{"line":3,"column":43}},"3":{"start":{"line":4,"column":19},"end":{"line":4,"column":54}},"4":{"start":{"line":5,"column":17},"end":{"line":5,"column":61}},"5":{"start":{"line":7,"column":15},"end":{"line":7,"column":31}},"6":{"start":{"line":8,"column":0},"end":{"line":8,"column":29}},"7":{"start":{"line":9,"column":20},"end":{"line":9,"column":56}},"8":{"start":{"line":11,"column":20},"end":{"line":13,"column":2}},"9":{"start":{"line":47,"column":0},"end":{"line":54,"column":1}},"10":{"start":{"line":74,"column":0},"end":{"line":80,"column":1}},"11":{"start":{"line":83,"column":0},"end":{"line":83,"column":23}}},"fnMap":{},"branchMap":{},"s":{"0":1,"1":1,"2":1,"3":1,"4":1,"5":1,"6":1,"7":1,"8":1,"9":1,"10":1,"11":1},"f":{},"b":{},"_coverageSchema":"1a1c01bbd47fc00a2c39e90264f33305004495a9","hash":"c7692441b05addcd66b45568d62684e6e8d1c12a","contentHash":"126f0a8014ee80fbe46d7970391925776fe30501fb94b55858329c567889fd0f"},"C:\\Users\\artur\\Desktop\\TRABAJOS\\BE BETTER\\enligthneering\\api\\controllers\\userEvent.js":{"path":"C:\\Users\\artur\\Desktop\\TRABAJOS\\BE BETTER\\enligthneering\\api\\controllers\\userEvent.js","statementMap":{"0":{"start":{"line":1,"column":11},"end":{"line":1,"column":38}},"1":{"start":{"line":2,"column":28},"end":{"line":2,"column":48}},"2":{"start":{"line":3,"column":24},"end":{"line":3,"column":52}},"3":{"start":{"line":4,"column":14},"end":{"line":4,"column":44}},"4":{"start":{"line":12,"column":0},"end":{"line":18,"column":1}},"5":{"start":{"line":13,"column":4},"end":{"line":17,"column":5}},"6":{"start":{"line":14,"column":8},"end":{"line":14,"column":43}},"7":{"start":{"line":16,"column":8},"end":{"line":16,"column":26}},"8":{"start":{"line":25,"column":0},"end":{"line":35,"column":1}},"9":{"start":{"line":26,"column":4},"end":{"line":34,"column":5}},"10":{"start":{"line":27,"column":23},"end":{"line":27,"column":39}},"11":{"start":{"line":28,"column":21},"end":{"line":30,"column":10}},"12":{"start":{"line":31,"column":8},"end":{"line":31,"column":34}},"13":{"start":{"line":33,"column":8},"end":{"line":33,"column":37}},"14":{"start":{"line":42,"column":0},"end":{"line":59,"column":1}},"15":{"start":{"line":43,"column":4},"end":{"line":58,"column":5}},"16":{"start":{"line":44,"column":22},"end":{"line":44,"column":52}},"17":{"start":{"line":45,"column":21},"end":{"line":54,"column":10}},"18":{"start":{"line":55,"column":8},"end":{"line":55,"column":57}},"19":{"start":{"line":57,"column":8},"end":{"line":57,"column":37}}},"fnMap":{"0":{"name":"(anonymous_0)","decl":{"start":{"line":12,"column":21},"end":{"line":12,"column":22}},"loc":{"start":{"line":12,"column":36},"end":{"line":18,"column":1}},"line":12},"1":{"name":"(anonymous_1)","decl":{"start":{"line":25,"column":18},"end":{"line":25,"column":19}},"loc":{"start":{"line":25,"column":38},"end":{"line":35,"column":1}},"line":25},"2":{"name":"(anonymous_2)","decl":{"start":{"line":42,"column":19},"end":{"line":42,"column":20}},"loc":{"start":{"line":42,"column":39},"end":{"line":59,"column":1}},"line":42}},"branchMap":{},"s":{"0":1,"1":1,"2":1,"3":1,"4":1,"5":0,"6":0,"7":0,"8":1,"9":0,"10":0,"11":0,"12":0,"13":0,"14":1,"15":0,"16":0,"17":0,"18":0,"19":0},"f":{"0":0,"1":0,"2":0},"b":{},"_coverageSchema":"1a1c01bbd47fc00a2c39e90264f33305004495a9","hash":"a679a7a897a96d41b5f9f1922daba92af52c584b","contentHash":"ca56c0d25ea896274f724d377cae6d0167dc033128e9824caa0852cb7a969ed3"},"C:\\Users\\artur\\Desktop\\TRABAJOS\\BE BETTER\\enligthneering\\api\\middleware\\db.js":{"path":"C:\\Users\\artur\\Desktop\\TRABAJOS\\BE BETTER\\enligthneering\\api\\middleware\\db.js","statementMap":{"0":{"start":{"line":1,"column":15},"end":{"line":1,"column":35}},"1":{"start":{"line":2,"column":14},"end":{"line":2,"column":32}},"2":{"start":{"line":3,"column":10},"end":{"line":3,"column":27}},"3":{"start":{"line":5,"column":20},"end":{"line":5,"column":58}},"4":{"start":{"line":15,"column":24},"end":{"line":27,"column":1}},"5":{"start":{"line":16,"column":4},"end":{"line":16,"column":22}},"6":{"start":{"line":17,"column":4},"end":{"line":26,"column":6}},"7":{"start":{"line":18,"column":22},"end":{"line":18,"column":74}},"8":{"start":{"line":19,"column":22},"end":{"line":19,"column":53}},"9":{"start":{"line":20,"column":23},"end":{"line":20,"column":66}},"10":{"start":{"line":21,"column":8},"end":{"line":25,"column":10}},"11":{"start":{"line":33,"column":34},"end":{"line":58,"column":1}},"12":{"start":{"line":34,"column":4},"end":{"line":57,"column":6}},"13":{"start":{"line":35,"column":8},"end":{"line":56,"column":9}},"14":{"start":{"line":36,"column":12},"end":{"line":52,"column":13}},"15":{"start":{"line":40,"column":30},"end":{"line":40,"column":32}},"16":{"start":{"line":41,"column":39},"end":{"line":41,"column":65}},"17":{"start":{"line":42,"column":16},"end":{"line":48,"column":18}},"18":{"start":{"line":43,"column":20},"end":{"line":47,"column":22}},"19":{"start":{"line":49,"column":16},"end":{"line":49,"column":30}},"20":{"start":{"line":51,"column":16},"end":{"line":51,"column":27}},"21":{"start":{"line":54,"column":12},"end":{"line":54,"column":36}},"22":{"start":{"line":55,"column":12},"end":{"line":55,"column":76}},"23":{"start":{"line":65,"column":35},"end":{"line":75,"column":1}},"24":{"start":{"line":66,"column":15},"end":{"line":66,"column":17}},"25":{"start":{"line":67,"column":4},"end":{"line":67,"column":58}},"26":{"start":{"line":67,"column":27},"end":{"line":67,"column":58}},"27":{"start":{"line":67,"column":45},"end":{"line":67,"column":57}},"28":{"start":{"line":68,"column":4},"end":{"line":73,"column":5}},"29":{"start":{"line":69,"column":8},"end":{"line":72,"column":9}},"30":{"start":{"line":74,"column":4},"end":{"line":74,"column":50}},"31":{"start":{"line":86,"column":0},"end":{"line":93,"column":1}},"32":{"start":{"line":87,"column":4},"end":{"line":92,"column":5}},"33":{"start":{"line":99,"column":0},"end":{"line":127,"column":1}},"34":{"start":{"line":100,"column":4},"end":{"line":126,"column":6}},"35":{"start":{"line":101,"column":8},"end":{"line":125,"column":9}},"36":{"start":{"line":102,"column":12},"end":{"line":121,"column":13}},"37":{"start":{"line":106,"column":30},"end":{"line":106,"column":32}},"38":{"start":{"line":108,"column":36},"end":{"line":108,"column":59}},"39":{"start":{"line":110,"column":16},"end":{"line":116,"column":18}},"40":{"start":{"line":111,"column":20},"end":{"line":115,"column":22}},"41":{"start":{"line":118,"column":16},"end":{"line":118,"column":30}},"42":{"start":{"line":120,"column":16},"end":{"line":120,"column":27}},"43":{"start":{"line":123,"column":12},"end":{"line":123,"column":36}},"44":{"start":{"line":124,"column":12},"end":{"line":124,"column":66}},"45":{"start":{"line":133,"column":0},"end":{"line":146,"column":1}},"46":{"start":{"line":134,"column":27},"end":{"line":134,"column":65}},"47":{"start":{"line":135,"column":24},"end":{"line":135,"column":58}},"48":{"start":{"line":136,"column":15},"end":{"line":136,"column":17}},"49":{"start":{"line":137,"column":4},"end":{"line":137,"column":76}},"50":{"start":{"line":137,"column":36},"end":{"line":137,"column":76}},"51":{"start":{"line":137,"column":63},"end":{"line":137,"column":75}},"52":{"start":{"line":138,"column":4},"end":{"line":138,"column":70}},"53":{"start":{"line":138,"column":33},"end":{"line":138,"column":70}},"54":{"start":{"line":138,"column":57},"end":{"line":138,"column":69}},"55":{"start":{"line":139,"column":4},"end":{"line":144,"column":5}},"56":{"start":{"line":140,"column":8},"end":{"line":143,"column":9}},"57":{"start":{"line":145,"column":4},"end":{"line":145,"column":46}},"58":{"start":{"line":154,"column":0},"end":{"line":165,"column":1}},"59":{"start":{"line":155,"column":20},"end":{"line":155,"column":64}},"60":{"start":{"line":156,"column":4},"end":{"line":164,"column":6}},"61":{"start":{"line":157,"column":8},"end":{"line":163,"column":45}},"62":{"start":{"line":159,"column":16},"end":{"line":161,"column":62}},"63":{"start":{"line":163,"column":25},"end":{"line":163,"column":44}},"64":{"start":{"line":172,"column":0},"end":{"line":182,"column":1}},"65":{"start":{"line":173,"column":4},"end":{"line":181,"column":6}},"66":{"start":{"line":174,"column":8},"end":{"line":180,"column":41}},"67":{"start":{"line":176,"column":12},"end":{"line":178,"column":31}},"68":{"start":{"line":180,"column":21},"end":{"line":180,"column":40}},"69":{"start":{"line":189,"column":0},"end":{"line":199,"column":1}},"70":{"start":{"line":190,"column":4},"end":{"line":198,"column":6}},"71":{"start":{"line":191,"column":8},"end":{"line":197,"column":74}},"72":{"start":{"line":193,"column":16},"end":{"line":195,"column":35}},"73":{"start":{"line":197,"column":25},"end":{"line":197,"column":73}},"74":{"start":{"line":207,"column":0},"end":{"line":218,"column":1}},"75":{"start":{"line":208,"column":4},"end":{"line":217,"column":6}},"76":{"start":{"line":209,"column":8},"end":{"line":216,"column":74}},"77":{"start":{"line":211,"column":16},"end":{"line":214,"column":17}},"78":{"start":{"line":211,"column":26},"end":{"line":211,"column":74}},"79":{"start":{"line":213,"column":20},"end":{"line":213,"column":78}},"80":{"start":{"line":213,"column":65},"end":{"line":213,"column":77}},"81":{"start":{"line":216,"column":25},"end":{"line":216,"column":73}},"82":{"start":{"line":225,"column":0},"end":{"line":233,"column":1}},"83":{"start":{"line":226,"column":4},"end":{"line":232,"column":6}},"84":{"start":{"line":227,"column":8},"end":{"line":231,"column":45}},"85":{"start":{"line":229,"column":16},"end":{"line":229,"column":45}},"86":{"start":{"line":231,"column":25},"end":{"line":231,"column":44}}},"fnMap":{"0":{"name":"(anonymous_0)","decl":{"start":{"line":15,"column":24},"end":{"line":15,"column":25}},"loc":{"start":{"line":15,"column":35},"end":{"line":27,"column":1}},"line":15},"1":{"name":"(anonymous_1)","decl":{"start":{"line":17,"column":23},"end":{"line":17,"column":24}},"loc":{"start":{"line":17,"column":36},"end":{"line":26,"column":5}},"line":17},"2":{"name":"(anonymous_2)","decl":{"start":{"line":33,"column":34},"end":{"line":33,"column":35}},"loc":{"start":{"line":33,"column":45},"end":{"line":58,"column":1}},"line":33},"3":{"name":"(anonymous_3)","decl":{"start":{"line":34,"column":23},"end":{"line":34,"column":24}},"loc":{"start":{"line":34,"column":44},"end":{"line":57,"column":5}},"line":34},"4":{"name":"(anonymous_4)","decl":{"start":{"line":42,"column":35},"end":{"line":42,"column":36}},"loc":{"start":{"line":42,"column":45},"end":{"line":48,"column":17}},"line":42},"5":{"name":"(anonymous_5)","decl":{"start":{"line":65,"column":35},"end":{"line":65,"column":36}},"loc":{"start":{"line":65,"column":57},"end":{"line":75,"column":1}},"line":65},"6":{"name":"(anonymous_6)","decl":{"start":{"line":67,"column":40},"end":{"line":67,"column":41}},"loc":{"start":{"line":67,"column":45},"end":{"line":67,"column":57}},"line":67},"7":{"name":"(anonymous_7)","decl":{"start":{"line":86,"column":22},"end":{"line":86,"column":23}},"loc":{"start":{"line":86,"column":41},"end":{"line":93,"column":1}},"line":86},"8":{"name":"(anonymous_8)","decl":{"start":{"line":99,"column":26},"end":{"line":99,"column":27}},"loc":{"start":{"line":99,"column":37},"end":{"line":127,"column":1}},"line":99},"9":{"name":"(anonymous_9)","decl":{"start":{"line":100,"column":23},"end":{"line":100,"column":24}},"loc":{"start":{"line":100,"column":44},"end":{"line":126,"column":5}},"line":100},"10":{"name":"(anonymous_10)","decl":{"start":{"line":110,"column":32},"end":{"line":110,"column":33}},"loc":{"start":{"line":110,"column":42},"end":{"line":116,"column":17}},"line":110},"11":{"name":"(anonymous_11)","decl":{"start":{"line":133,"column":21},"end":{"line":133,"column":22}},"loc":{"start":{"line":133,"column":38},"end":{"line":146,"column":1}},"line":133},"12":{"name":"(anonymous_12)","decl":{"start":{"line":137,"column":58},"end":{"line":137,"column":59}},"loc":{"start":{"line":137,"column":63},"end":{"line":137,"column":75}},"line":137},"13":{"name":"(anonymous_13)","decl":{"start":{"line":138,"column":52},"end":{"line":138,"column":53}},"loc":{"start":{"line":138,"column":57},"end":{"line":138,"column":69}},"line":138},"14":{"name":"(anonymous_14)","decl":{"start":{"line":154,"column":19},"end":{"line":154,"column":20}},"loc":{"start":{"line":154,"column":48},"end":{"line":165,"column":1}},"line":154},"15":{"name":"(anonymous_15)","decl":{"start":{"line":156,"column":23},"end":{"line":156,"column":24}},"loc":{"start":{"line":156,"column":44},"end":{"line":164,"column":5}},"line":156},"16":{"name":"(anonymous_16)","decl":{"start":{"line":158,"column":18},"end":{"line":158,"column":19}},"loc":{"start":{"line":158,"column":26},"end":{"line":162,"column":13}},"line":158},"17":{"name":"(anonymous_17)","decl":{"start":{"line":163,"column":19},"end":{"line":163,"column":20}},"loc":{"start":{"line":163,"column":25},"end":{"line":163,"column":44}},"line":163},"18":{"name":"(anonymous_18)","decl":{"start":{"line":172,"column":18},"end":{"line":172,"column":19}},"loc":{"start":{"line":172,"column":33},"end":{"line":182,"column":1}},"line":172},"19":{"name":"(anonymous_19)","decl":{"start":{"line":173,"column":23},"end":{"line":173,"column":24}},"loc":{"start":{"line":173,"column":44},"end":{"line":181,"column":5}},"line":173},"20":{"name":"(anonymous_20)","decl":{"start":{"line":175,"column":14},"end":{"line":175,"column":15}},"loc":{"start":{"line":175,"column":22},"end":{"line":179,"column":9}},"line":175},"21":{"name":"(anonymous_21)","decl":{"start":{"line":180,"column":15},"end":{"line":180,"column":16}},"loc":{"start":{"line":180,"column":21},"end":{"line":180,"column":40}},"line":180},"22":{"name":"(anonymous_22)","decl":{"start":{"line":189,"column":21},"end":{"line":189,"column":22}},"loc":{"start":{"line":189,"column":37},"end":{"line":199,"column":1}},"line":189},"23":{"name":"(anonymous_23)","decl":{"start":{"line":190,"column":23},"end":{"line":190,"column":24}},"loc":{"start":{"line":190,"column":44},"end":{"line":198,"column":5}},"line":190},"24":{"name":"(anonymous_24)","decl":{"start":{"line":192,"column":18},"end":{"line":192,"column":19}},"loc":{"start":{"line":192,"column":26},"end":{"line":196,"column":13}},"line":192},"25":{"name":"(anonymous_25)","decl":{"start":{"line":197,"column":19},"end":{"line":197,"column":20}},"loc":{"start":{"line":197,"column":25},"end":{"line":197,"column":73}},"line":197},"26":{"name":"(anonymous_26)","decl":{"start":{"line":207,"column":21},"end":{"line":207,"column":22}},"loc":{"start":{"line":207,"column":41},"end":{"line":218,"column":1}},"line":207},"27":{"name":"(anonymous_27)","decl":{"start":{"line":208,"column":23},"end":{"line":208,"column":24}},"loc":{"start":{"line":208,"column":44},"end":{"line":217,"column":5}},"line":208},"28":{"name":"(anonymous_28)","decl":{"start":{"line":210,"column":18},"end":{"line":210,"column":19}},"loc":{"start":{"line":210,"column":26},"end":{"line":215,"column":13}},"line":210},"29":{"name":"(anonymous_29)","decl":{"start":{"line":213,"column":58},"end":{"line":213,"column":59}},"loc":{"start":{"line":213,"column":65},"end":{"line":213,"column":77}},"line":213},"30":{"name":"(anonymous_30)","decl":{"start":{"line":216,"column":19},"end":{"line":216,"column":20}},"loc":{"start":{"line":216,"column":25},"end":{"line":216,"column":73}},"line":216},"31":{"name":"(anonymous_31)","decl":{"start":{"line":225,"column":21},"end":{"line":225,"column":22}},"loc":{"start":{"line":225,"column":36},"end":{"line":233,"column":1}},"line":225},"32":{"name":"(anonymous_32)","decl":{"start":{"line":226,"column":23},"end":{"line":226,"column":24}},"loc":{"start":{"line":226,"column":44},"end":{"line":232,"column":5}},"line":226},"33":{"name":"(anonymous_33)","decl":{"start":{"line":228,"column":18},"end":{"line":228,"column":19}},"loc":{"start":{"line":228,"column":24},"end":{"line":230,"column":13}},"line":228},"34":{"name":"(anonymous_34)","decl":{"start":{"line":231,"column":19},"end":{"line":231,"column":20}},"loc":{"start":{"line":231,"column":25},"end":{"line":231,"column":44}},"line":231}},"branchMap":{"0":{"loc":{"start":{"line":18,"column":24},"end":{"line":18,"column":49}},"type":"binary-expr","locations":[{"start":{"line":18,"column":24},"end":{"line":18,"column":34}},{"start":{"line":18,"column":38},"end":{"line":18,"column":49}}],"line":18},"1":{"loc":{"start":{"line":18,"column":51},"end":{"line":18,"column":72}},"type":"binary-expr","locations":[{"start":{"line":18,"column":51},"end":{"line":18,"column":62}},{"start":{"line":18,"column":66},"end":{"line":18,"column":72}}],"line":18},"2":{"loc":{"start":{"line":19,"column":22},"end":{"line":19,"column":53}},"type":"binary-expr","locations":[{"start":{"line":19,"column":22},"end":{"line":19,"column":47}},{"start":{"line":19,"column":51},"end":{"line":19,"column":53}}],"line":19},"3":{"loc":{"start":{"line":20,"column":23},"end":{"line":20,"column":66}},"type":"binary-expr","locations":[{"start":{"line":20,"column":23},"end":{"line":20,"column":61}},{"start":{"line":20,"column":65},"end":{"line":20,"column":66}}],"line":20},"4":{"loc":{"start":{"line":36,"column":12},"end":{"line":52,"column":13}},"type":"if","locations":[{"start":{"line":36,"column":12},"end":{"line":52,"column":13}},{"start":{"line":36,"column":12},"end":{"line":52,"column":13}}],"line":36},"5":{"loc":{"start":{"line":37,"column":16},"end":{"line":38,"column":54}},"type":"binary-expr","locations":[{"start":{"line":37,"column":16},"end":{"line":37,"column":51}},{"start":{"line":38,"column":16},"end":{"line":38,"column":54}}],"line":37},"6":{"loc":{"start":{"line":67,"column":4},"end":{"line":67,"column":58}},"type":"if","locations":[{"start":{"line":67,"column":4},"end":{"line":67,"column":58}},{"start":{"line":67,"column":4},"end":{"line":67,"column":58}}],"line":67},"7":{"loc":{"start":{"line":68,"column":4},"end":{"line":73,"column":5}},"type":"if","locations":[{"start":{"line":68,"column":4},"end":{"line":73,"column":5}},{"start":{"line":68,"column":4},"end":{"line":73,"column":5}}],"line":68},"8":{"loc":{"start":{"line":102,"column":12},"end":{"line":121,"column":13}},"type":"if","locations":[{"start":{"line":102,"column":12},"end":{"line":121,"column":13}},{"start":{"line":102,"column":12},"end":{"line":121,"column":13}}],"line":102},"9":{"loc":{"start":{"line":103,"column":16},"end":{"line":104,"column":54}},"type":"binary-expr","locations":[{"start":{"line":103,"column":16},"end":{"line":103,"column":51}},{"start":{"line":104,"column":19},"end":{"line":104,"column":54}}],"line":103},"10":{"loc":{"start":{"line":137,"column":4},"end":{"line":137,"column":76}},"type":"if","locations":[{"start":{"line":137,"column":4},"end":{"line":137,"column":76}},{"start":{"line":137,"column":4},"end":{"line":137,"column":76}}],"line":137},"11":{"loc":{"start":{"line":138,"column":4},"end":{"line":138,"column":70}},"type":"if","locations":[{"start":{"line":138,"column":4},"end":{"line":138,"column":70}},{"start":{"line":138,"column":4},"end":{"line":138,"column":70}}],"line":138},"12":{"loc":{"start":{"line":139,"column":4},"end":{"line":144,"column":5}},"type":"if","locations":[{"start":{"line":139,"column":4},"end":{"line":144,"column":5}},{"start":{"line":139,"column":4},"end":{"line":144,"column":5}}],"line":139},"13":{"loc":{"start":{"line":159,"column":16},"end":{"line":161,"column":62}},"type":"cond-expr","locations":[{"start":{"line":160,"column":22},"end":{"line":160,"column":41}},{"start":{"line":161,"column":22},"end":{"line":161,"column":62}}],"line":159},"14":{"loc":{"start":{"line":176,"column":12},"end":{"line":178,"column":31}},"type":"cond-expr","locations":[{"start":{"line":177,"column":18},"end":{"line":177,"column":37}},{"start":{"line":178,"column":18},"end":{"line":178,"column":31}}],"line":176},"15":{"loc":{"start":{"line":193,"column":16},"end":{"line":195,"column":35}},"type":"cond-expr","locations":[{"start":{"line":194,"column":22},"end":{"line":194,"column":70}},{"start":{"line":195,"column":22},"end":{"line":195,"column":35}}],"line":193},"16":{"loc":{"start":{"line":211,"column":16},"end":{"line":214,"column":17}},"type":"if","locations":[{"start":{"line":211,"column":16},"end":{"line":214,"column":17}},{"start":{"line":211,"column":16},"end":{"line":214,"column":17}}],"line":211}},"s":{"0":1,"1":1,"2":1,"3":1,"4":1,"5":0,"6":0,"7":0,"8":0,"9":0,"10":0,"11":1,"12":0,"13":0,"14":0,"15":0,"16":0,"17":0,"18":0,"19":0,"20":0,"21":0,"22":0,"23":1,"24":0,"25":0,"26":0,"27":0,"28":0,"29":0,"30":0,"31":1,"32":0,"33":1,"34":0,"35":0,"36":0,"37":0,"38":0,"39":0,"40":0,"41":0,"42":0,"43":0,"44":0,"45":1,"46":0,"47":0,"48":0,"49":0,"50":0,"51":0,"52":0,"53":0,"54":0,"55":0,"56":0,"57":0,"58":1,"59":0,"60":0,"61":0,"62":0,"63":0,"64":1,"65":0,"66":0,"67":0,"68":0,"69":1,"70":0,"71":0,"72":0,"73":0,"74":1,"75":0,"76":0,"77":0,"78":0,"79":0,"80":0,"81":0,"82":1,"83":0,"84":0,"85":0,"86":0},"f":{"0":0,"1":0,"2":0,"3":0,"4":0,"5":0,"6":0,"7":0,"8":0,"9":0,"10":0,"11":0,"12":0,"13":0,"14":0,"15":0,"16":0,"17":0,"18":0,"19":0,"20":0,"21":0,"22":0,"23":0,"24":0,"25":0,"26":0,"27":0,"28":0,"29":0,"30":0,"31":0,"32":0,"33":0,"34":0},"b":{"0":[0,0],"1":[0,0],"2":[0,0],"3":[0,0],"4":[0,0],"5":[0,0],"6":[0,0],"7":[0,0],"8":[0,0],"9":[0,0],"10":[0,0],"11":[0,0],"12":[0,0],"13":[0,0],"14":[0,0],"15":[0,0],"16":[0,0]},"_coverageSchema":"1a1c01bbd47fc00a2c39e90264f33305004495a9","hash":"5946da887a1d2392b2ce16f43b0f86328a32eabd","contentHash":"84e53d6c92247c28c8d41405a6a2af568265e8cfd4399266d0a23d1659d2084e"},"C:\\Users\\artur\\Desktop\\TRABAJOS\\BE BETTER\\enligthneering\\api\\controllers\\userEvent.validate.js":{"path":"C:\\Users\\artur\\Desktop\\TRABAJOS\\BE BETTER\\enligthneering\\api\\controllers\\userEvent.validate.js","statementMap":{"0":{"start":{"line":1,"column":18},"end":{"line":1,"column":46}},"1":{"start":{"line":2,"column":29},"end":{"line":2,"column":59}},"2":{"start":{"line":7,"column":0},"end":{"line":17,"column":1}},"3":{"start":{"line":15,"column":8},"end":{"line":15,"column":40}}},"fnMap":{"0":{"name":"(anonymous_0)","decl":{"start":{"line":14,"column":4},"end":{"line":14,"column":5}},"loc":{"start":{"line":14,"column":24},"end":{"line":16,"column":5}},"line":14}},"branchMap":{},"s":{"0":1,"1":1,"2":1,"3":0},"f":{"0":0},"b":{},"_coverageSchema":"1a1c01bbd47fc00a2c39e90264f33305004495a9","hash":"000f2c323baa53ed1c47ae6f6ed7ab5a64326a7e","contentHash":"bcfe96a071d6ef5ad80066040a87115fedf591e4821d1518bc5bc48ad5ba4858"},"C:\\Users\\artur\\Desktop\\TRABAJOS\\BE BETTER\\enligthneering\\api\\middleware\\permissions.js":{"path":"C:\\Users\\artur\\Desktop\\TRABAJOS\\BE BETTER\\enligthneering\\api\\middleware\\permissions.js","statementMap":{"0":{"start":{"line":1,"column":14},"end":{"line":1,"column":32}},"1":{"start":{"line":2,"column":33},"end":{"line":2,"column":53}},"2":{"start":{"line":3,"column":10},"end":{"line":3,"column":27}},"3":{"start":{"line":15,"column":25},"end":{"line":42,"column":1}},"4":{"start":{"line":16,"column":4},"end":{"line":41,"column":6}},"5":{"start":{"line":17,"column":8},"end":{"line":40,"column":71}},"6":{"start":{"line":27,"column":26},"end":{"line":27,"column":37}},"7":{"start":{"line":28,"column":27},"end":{"line":28,"column":51}},"8":{"start":{"line":29,"column":34},"end":{"line":36,"column":14}},"9":{"start":{"line":30,"column":26},"end":{"line":30,"column":36}},"10":{"start":{"line":31,"column":16},"end":{"line":35,"column":17}},"11":{"start":{"line":37,"column":12},"end":{"line":38,"column":66}},"12":{"start":{"line":37,"column":30},"end":{"line":37,"column":36}},"13":{"start":{"line":38,"column":17},"end":{"line":38,"column":66}},"14":{"start":{"line":40,"column":21},"end":{"line":40,"column":70}},"15":{"start":{"line":51,"column":0},"end":{"line":58,"column":1}},"16":{"start":{"line":51,"column":34},"end":{"line":58,"column":1}},"17":{"start":{"line":52,"column":4},"end":{"line":57,"column":5}},"18":{"start":{"line":53,"column":27},"end":{"line":53,"column":35}},"19":{"start":{"line":54,"column":8},"end":{"line":54,"column":49}},"20":{"start":{"line":56,"column":8},"end":{"line":56,"column":37}}},"fnMap":{"0":{"name":"(anonymous_0)","decl":{"start":{"line":15,"column":25},"end":{"line":15,"column":26}},"loc":{"start":{"line":15,"column":48},"end":{"line":42,"column":1}},"line":15},"1":{"name":"(anonymous_1)","decl":{"start":{"line":16,"column":23},"end":{"line":16,"column":24}},"loc":{"start":{"line":16,"column":44},"end":{"line":41,"column":5}},"line":16},"2":{"name":"(anonymous_2)","decl":{"start":{"line":26,"column":14},"end":{"line":26,"column":15}},"loc":{"start":{"line":26,"column":22},"end":{"line":39,"column":9}},"line":26},"3":{"name":"(anonymous_3)","decl":{"start":{"line":29,"column":47},"end":{"line":29,"column":48}},"loc":{"start":{"line":29,"column":65},"end":{"line":36,"column":13}},"line":29},"4":{"name":"(anonymous_4)","decl":{"start":{"line":40,"column":15},"end":{"line":40,"column":16}},"loc":{"start":{"line":40,"column":21},"end":{"line":40,"column":70}},"line":40},"5":{"name":"(anonymous_5)","decl":{"start":{"line":51,"column":28},"end":{"line":51,"column":29}},"loc":{"start":{"line":51,"column":34},"end":{"line":58,"column":1}},"line":51},"6":{"name":"(anonymous_6)","decl":{"start":{"line":51,"column":34},"end":{"line":51,"column":35}},"loc":{"start":{"line":51,"column":60},"end":{"line":58,"column":1}},"line":51}},"branchMap":{"0":{"loc":{"start":{"line":32,"column":20},"end":{"line":34,"column":64}},"type":"binary-expr","locations":[{"start":{"line":32,"column":20},"end":{"line":32,"column":55}},{"start":{"line":33,"column":20},"end":{"line":33,"column":46}},{"start":{"line":34,"column":20},"end":{"line":34,"column":64}}],"line":32},"1":{"loc":{"start":{"line":37,"column":12},"end":{"line":38,"column":66}},"type":"if","locations":[{"start":{"line":37,"column":12},"end":{"line":38,"column":66}},{"start":{"line":37,"column":12},"end":{"line":38,"column":66}}],"line":37}},"s":{"0":1,"1":1,"2":1,"3":1,"4":0,"5":0,"6":0,"7":0,"8":0,"9":0,"10":0,"11":0,"12":0,"13":0,"14":0,"15":1,"16":27,"17":0,"18":0,"19":0,"20":0},"f":{"0":0,"1":0,"2":0,"3":0,"4":0,"5":27,"6":0},"b":{"0":[0,0,0],"1":[0,0]},"_coverageSchema":"1a1c01bbd47fc00a2c39e90264f33305004495a9","hash":"70cde379e20b3d8e60eb604223680bb5bfd85fa8","contentHash":"6858878e1397472e76c698ea05f165eed8505ffd4ce2cda8abc763b624b6a6c8"},"C:\\Users\\artur\\Desktop\\TRABAJOS\\BE BETTER\\enligthneering\\api\\routes\\modules.js":{"path":"C:\\Users\\artur\\Desktop\\TRABAJOS\\BE BETTER\\enligthneering\\api\\routes\\modules.js","statementMap":{"0":{"start":{"line":1,"column":16},"end":{"line":1,"column":34}},"1":{"start":{"line":2,"column":17},"end":{"line":2,"column":36}},"2":{"start":{"line":3,"column":20},"end":{"line":3,"column":43}},"3":{"start":{"line":4,"column":19},"end":{"line":4,"column":52}},"4":{"start":{"line":5,"column":17},"end":{"line":5,"column":59}},"5":{"start":{"line":6,"column":20},"end":{"line":6,"column":56}},"6":{"start":{"line":8,"column":15},"end":{"line":8,"column":31}},"7":{"start":{"line":9,"column":0},"end":{"line":9,"column":29}},"8":{"start":{"line":11,"column":20},"end":{"line":13,"column":2}},"9":{"start":{"line":46,"column":0},"end":{"line":53,"column":1}},"10":{"start":{"line":83,"column":0},"end":{"line":90,"column":1}},"11":{"start":{"line":110,"column":0},"end":{"line":116,"column":1}},"12":{"start":{"line":152,"column":0},"end":{"line":159,"column":1}},"13":{"start":{"line":189,"column":0},"end":{"line":196,"column":1}},"14":{"start":{"line":198,"column":0},"end":{"line":198,"column":23}}},"fnMap":{},"branchMap":{},"s":{"0":1,"1":1,"2":1,"3":1,"4":1,"5":1,"6":1,"7":1,"8":1,"9":1,"10":1,"11":1,"12":1,"13":1,"14":1},"f":{},"b":{},"_coverageSchema":"1a1c01bbd47fc00a2c39e90264f33305004495a9","hash":"abed10d0efe9d1b95bfa383a89dc28bc9d836801","contentHash":"dd1919cd58dc760d1290b5a61944e49653135a4689423f360ea3987e97c7e045"},"C:\\Users\\artur\\Desktop\\TRABAJOS\\BE BETTER\\enligthneering\\api\\controllers\\modules.js":{"path":"C:\\Users\\artur\\Desktop\\TRABAJOS\\BE BETTER\\enligthneering\\api\\controllers\\modules.js","statementMap":{"0":{"start":{"line":1,"column":24},"end":{"line":1,"column":52}},"1":{"start":{"line":2,"column":20},"end":{"line":2,"column":40}},"2":{"start":{"line":3,"column":14},"end":{"line":3,"column":44}},"3":{"start":{"line":4,"column":11},"end":{"line":4,"column":38}},"4":{"start":{"line":15,"column":0},"end":{"line":22,"column":1}},"5":{"start":{"line":16,"column":4},"end":{"line":21,"column":5}},"6":{"start":{"line":17,"column":22},"end":{"line":17,"column":58}},"7":{"start":{"line":18,"column":8},"end":{"line":18,"column":68}},"8":{"start":{"line":20,"column":8},"end":{"line":20,"column":37}},"9":{"start":{"line":29,"column":0},"end":{"line":36,"column":1}},"10":{"start":{"line":30,"column":4},"end":{"line":35,"column":5}},"11":{"start":{"line":31,"column":23},"end":{"line":31,"column":39}},"12":{"start":{"line":32,"column":8},"end":{"line":32,"column":59}},"13":{"start":{"line":34,"column":8},"end":{"line":34,"column":37}},"14":{"start":{"line":43,"column":0},"end":{"line":50,"column":1}},"15":{"start":{"line":44,"column":4},"end":{"line":49,"column":5}},"16":{"start":{"line":45,"column":8},"end":{"line":45,"column":30}},"17":{"start":{"line":46,"column":8},"end":{"line":46,"column":71}},"18":{"start":{"line":48,"column":8},"end":{"line":48,"column":37}},"19":{"start":{"line":57,"column":0},"end":{"line":64,"column":1}},"20":{"start":{"line":58,"column":4},"end":{"line":63,"column":5}},"21":{"start":{"line":59,"column":8},"end":{"line":59,"column":30}},"22":{"start":{"line":60,"column":8},"end":{"line":60,"column":63}},"23":{"start":{"line":62,"column":8},"end":{"line":62,"column":37}},"24":{"start":{"line":71,"column":0},"end":{"line":78,"column":1}},"25":{"start":{"line":72,"column":4},"end":{"line":77,"column":5}},"26":{"start":{"line":73,"column":23},"end":{"line":73,"column":39}},"27":{"start":{"line":74,"column":8},"end":{"line":74,"column":62}},"28":{"start":{"line":76,"column":8},"end":{"line":76,"column":37}}},"fnMap":{"0":{"name":"(anonymous_0)","decl":{"start":{"line":15,"column":19},"end":{"line":15,"column":20}},"loc":{"start":{"line":15,"column":39},"end":{"line":22,"column":1}},"line":15},"1":{"name":"(anonymous_1)","decl":{"start":{"line":29,"column":18},"end":{"line":29,"column":19}},"loc":{"start":{"line":29,"column":38},"end":{"line":36,"column":1}},"line":29},"2":{"name":"(anonymous_2)","decl":{"start":{"line":43,"column":21},"end":{"line":43,"column":22}},"loc":{"start":{"line":43,"column":41},"end":{"line":50,"column":1}},"line":43},"3":{"name":"(anonymous_3)","decl":{"start":{"line":57,"column":21},"end":{"line":57,"column":22}},"loc":{"start":{"line":57,"column":41},"end":{"line":64,"column":1}},"line":57},"4":{"name":"(anonymous_4)","decl":{"start":{"line":71,"column":21},"end":{"line":71,"column":22}},"loc":{"start":{"line":71,"column":41},"end":{"line":78,"column":1}},"line":71}},"branchMap":{},"s":{"0":1,"1":1,"2":1,"3":1,"4":1,"5":0,"6":0,"7":0,"8":0,"9":1,"10":0,"11":0,"12":0,"13":0,"14":1,"15":0,"16":0,"17":0,"18":0,"19":1,"20":0,"21":0,"22":0,"23":0,"24":1,"25":0,"26":0,"27":0,"28":0},"f":{"0":0,"1":0,"2":0,"3":0,"4":0},"b":{},"_coverageSchema":"1a1c01bbd47fc00a2c39e90264f33305004495a9","hash":"a74b0fcad8b8011249d80e7a262c5caffd100bac","contentHash":"0a841f8bcb72c62455d677884e9f87b9fc3555e0955b1ec1426f095afdd76dfb"},"C:\\Users\\artur\\Desktop\\TRABAJOS\\BE BETTER\\enligthneering\\api\\controllers\\modules.validate.js":{"path":"C:\\Users\\artur\\Desktop\\TRABAJOS\\BE BETTER\\enligthneering\\api\\controllers\\modules.validate.js","statementMap":{"0":{"start":{"line":1,"column":18},"end":{"line":1,"column":46}},"1":{"start":{"line":2,"column":29},"end":{"line":2,"column":59}},"2":{"start":{"line":7,"column":0},"end":{"line":37,"column":1}},"3":{"start":{"line":35,"column":8},"end":{"line":35,"column":40}},"4":{"start":{"line":42,"column":0},"end":{"line":78,"column":1}},"5":{"start":{"line":76,"column":8},"end":{"line":76,"column":40}},"6":{"start":{"line":83,"column":0},"end":{"line":93,"column":1}},"7":{"start":{"line":91,"column":8},"end":{"line":91,"column":40}},"8":{"start":{"line":98,"column":0},"end":{"line":108,"column":1}},"9":{"start":{"line":106,"column":8},"end":{"line":106,"column":40}}},"fnMap":{"0":{"name":"(anonymous_0)","decl":{"start":{"line":34,"column":4},"end":{"line":34,"column":5}},"loc":{"start":{"line":34,"column":24},"end":{"line":36,"column":5}},"line":34},"1":{"name":"(anonymous_1)","decl":{"start":{"line":75,"column":4},"end":{"line":75,"column":5}},"loc":{"start":{"line":75,"column":24},"end":{"line":77,"column":5}},"line":75},"2":{"name":"(anonymous_2)","decl":{"start":{"line":90,"column":4},"end":{"line":90,"column":5}},"loc":{"start":{"line":90,"column":24},"end":{"line":92,"column":5}},"line":90},"3":{"name":"(anonymous_3)","decl":{"start":{"line":105,"column":4},"end":{"line":105,"column":5}},"loc":{"start":{"line":105,"column":24},"end":{"line":107,"column":5}},"line":105}},"branchMap":{}
[...]
\Users\\artur\\Desktop\\TRABAJOS\\BE BETTER\\enligthneering\\api\\controllers\\phone.js","statementMap":{"0":{"start":{"line":1,"column":24},"end":{"line":1,"column":52}},"1":{"start":{"line":2,"column":24},"end":{"line":2,"column":44}},"2":{"start":{"line":3,"column":14},"end":{"line":3,"column":44}},"3":{"start":{"line":4,"column":11},"end":{"line":4,"column":38}},"4":{"start":{"line":15,"column":0},"end":{"line":31,"column":1}},"5":{"start":{"line":16,"column":4},"end":{"line":30,"column":5}},"6":{"start":{"line":17,"column":22},"end":{"line":17,"column":52}},"7":{"start":{"line":18,"column":21},"end":{"line":26,"column":10}},"8":{"start":{"line":27,"column":8},"end":{"line":27,"column":57}},"9":{"start":{"line":29,"column":8},"end":{"line":29,"column":37}},"10":{"start":{"line":38,"column":0},"end":{"line":48,"column":1}},"11":{"start":{"line":39,"column":4},"end":{"line":47,"column":5}},"12":{"start":{"line":40,"column":23},"end":{"line":40,"column":39}},"13":{"start":{"line":41,"column":21},"end":{"line":43,"column":11}},"14":{"start":{"line":44,"column":8},"end":{"line":44,"column":34}},"15":{"start":{"line":46,"column":8},"end":{"line":46,"column":37}},"16":{"start":{"line":55,"column":0},"end":{"line":62,"column":1}},"17":{"start":{"line":56,"column":4},"end":{"line":61,"column":5}},"18":{"start":{"line":57,"column":8},"end":{"line":57,"column":30}},"19":{"start":{"line":58,"column":8},"end":{"line":58,"column":73}},"20":{"start":{"line":60,"column":8},"end":{"line":60,"column":37}},"21":{"start":{"line":69,"column":0},"end":{"line":76,"column":1}},"22":{"start":{"line":70,"column":4},"end":{"line":75,"column":5}},"23":{"start":{"line":71,"column":8},"end":{"line":71,"column":30}},"24":{"start":{"line":72,"column":8},"end":{"line":72,"column":61}},"25":{"start":{"line":74,"column":8},"end":{"line":74,"column":37}},"26":{"start":{"line":83,"column":0},"end":{"line":90,"column":1}},"27":{"start":{"line":84,"column":4},"end":{"line":89,"column":5}},"28":{"start":{"line":85,"column":23},"end":{"line":85,"column":39}},"29":{"start":{"line":86,"column":8},"end":{"line":86,"column":60}},"30":{"start":{"line":88,"column":8},"end":{"line":88,"column":37}}},"fnMap":{"0":{"name":"(anonymous_0)","decl":{"start":{"line":15,"column":19},"end":{"line":15,"column":20}},"loc":{"start":{"line":15,"column":39},"end":{"line":31,"column":1}},"line":15},"1":{"name":"(anonymous_1)","decl":{"start":{"line":38,"column":18},"end":{"line":38,"column":19}},"loc":{"start":{"line":38,"column":38},"end":{"line":48,"column":1}},"line":38},"2":{"name":"(anonymous_2)","decl":{"start":{"line":55,"column":21},"end":{"line":55,"column":22}},"loc":{"start":{"line":55,"column":41},"end":{"line":62,"column":1}},"line":55},"3":{"name":"(anonymous_3)","decl":{"start":{"line":69,"column":21},"end":{"line":69,"column":22}},"loc":{"start":{"line":69,"column":41},"end":{"line":76,"column":1}},"line":69},"4":{"name":"(anonymous_4)","decl":{"start":{"line":83,"column":21},"end":{"line":83,"column":22}},"loc":{"start":{"line":83,"column":41},"end":{"line":90,"column":1}},"line":83}},"branchMap":{},"s":{"0":1,"1":1,"2":1,"3":1,"4":1,"5":0,"6":0,"7":0,"8":0,"9":0,"10":1,"11":0,"12":0,"13":0,"14":0,"15":0,"16":1,"17":0,"18":0,"19":0,"20":0,"21":1,"22":0,"23":0,"24":0,"25":0,"26":1,"27":0,"28":0,"29":0,"30":0},"f":{"0":0,"1":0,"2":0,"3":0,"4":0},"b":{},"_coverageSchema":"1a1c01bbd47fc00a2c39e90264f33305004495a9","hash":"f2bba0bac21b4d1ca86cfa196f265cedcb2b07d0","contentHash":"d09e876f515eeeb91cd54ed6d38fa001f11be8bece1e2cad55f9568ff7b8f75b"},"C:\\Users\\artur\\Desktop\\TRABAJOS\\BE BETTER\\enligthneering\\api\\controllers\\phone.validate.js":{"path":"C:\\Users\\artur\\Desktop\\TRABAJOS\\BE BETTER\\enligthneering\\api\\controllers\\phone.validate.js","statementMap":{"0":{"start":{"line":1,"column":18},"end":{"line":1,"column":46}},"1":{"start":{"line":2,"column":29},"end":{"line":2,"column":59}},"2":{"start":{"line":8,"column":0},"end":{"line":48,"column":1}},"3":{"start":{"line":46,"column":8},"end":{"line":46,"column":40}},"4":{"start":{"line":53,"column":0},"end":{"line":93,"column":1}},"5":{"start":{"line":91,"column":8},"end":{"line":91,"column":40}},"6":{"start":{"line":98,"column":0},"end":{"line":108,"column":1}},"7":{"start":{"line":106,"column":8},"end":{"line":106,"column":40}},"8":{"start":{"line":113,"column":0},"end":{"line":123,"column":1}},"9":{"start":{"line":121,"column":8},"end":{"line":121,"column":40}}},"fnMap":{"0":{"name":"(anonymous_0)","decl":{"start":{"line":45,"column":4},"end":{"line":45,"column":5}},"loc":{"start":{"line":45,"column":24},"end":{"line":47,"column":5}},"line":45},"1":{"name":"(anonymous_1)","decl":{"start":{"line":90,"column":4},"end":{"line":90,"column":5}},"loc":{"start":{"line":90,"column":24},"end":{"line":92,"column":5}},"line":90},"2":{"name":"(anonymous_2)","decl":{"start":{"line":105,"column":4},"end":{"line":105,"column":5}},"loc":{"start":{"line":105,"column":24},"end":{"line":107,"column":5}},"line":105},"3":{"name":"(anonymous_3)","decl":{"start":{"line":120,"column":4},"end":{"line":120,"column":5}},"loc":{"start":{"line":120,"column":24},"end":{"line":122,"column":5}},"line":120}},"branchMap":{},"s":{"0":1,"1":1,"2":1,"3":0,"4":1,"5":0,"6":1,"7":0,"8":1,"9":0},"f":{"0":0,"1":0,"2":0,"3":0},"b":{},"_coverageSchema":"1a1c01bbd47fc00a2c39e90264f33305004495a9","hash":"412fcd3d6b323a949bc0bd6432ed04cb81ef55c2","contentHash":"ed5f47ef955f361cf9b7085f120f701e7e6507cf6bd307429203e5c59ef35e58"},"C:\\Users\\artur\\Desktop\\TRABAJOS\\BE BETTER\\enligthneering\\api\\routes\\roles.js":{"path":"C:\\Users\\artur\\Desktop\\TRABAJOS\\BE BETTER\\enligthneering\\api\\routes\\roles.js","statementMap":{"0":{"start":{"line":1,"column":16},"end":{"line":1,"column":34}},"1":{"start":{"line":2,"column":17},"end":{"line":2,"column":36}},"2":{"start":{"line":3,"column":20},"end":{"line":3,"column":43}},"3":{"start":{"line":4,"column":19},"end":{"line":4,"column":50}},"4":{"start":{"line":5,"column":17},"end":{"line":5,"column":57}},"5":{"start":{"line":7,"column":15},"end":{"line":7,"column":31}},"6":{"start":{"line":8,"column":0},"end":{"line":8,"column":29}},"7":{"start":{"line":9,"column":20},"end":{"line":9,"column":56}},"8":{"start":{"line":11,"column":20},"end":{"line":13,"column":2}},"9":{"start":{"line":46,"column":0},"end":{"line":53,"column":1}},"10":{"start":{"line":83,"column":0},"end":{"line":90,"column":1}},"11":{"start":{"line":110,"column":0},"end":{"line":116,"column":1}},"12":{"start":{"line":152,"column":0},"end":{"line":159,"column":1}},"13":{"start":{"line":189,"column":0},"end":{"line":196,"column":1}},"14":{"start":{"line":198,"column":0},"end":{"line":198,"column":23}}},"fnMap":{},"branchMap":{},"s":{"0":1,"1":1,"2":1,"3":1,"4":1,"5":1,"6":1,"7":1,"8":1,"9":1,"10":1,"11":1,"12":1,"13":1,"14":1},"f":{},"b":{},"_coverageSchema":"1a1c01bbd47fc00a2c39e90264f33305004495a9","hash":"9e8aa1c1b223e625c7d1370a9fd1ee5ec13ebadd","contentHash":"9663750378de379fc79e5d3734e451f2219ca0f98dd2d94bc14c9820123bbe5a"},"C:\\Users\\artur\\Desktop\\TRABAJOS\\BE BETTER\\enligthneering\\api\\controllers\\roles.js":{"path":"C:\\Users\\artur\\Desktop\\TRABAJOS\\BE BETTER\\enligthneering\\api\\controllers\\roles.js","statementMap":{"0":{"start":{"line":1,"column":24},"end":{"line":1,"column":52}},"1":{"start":{"line":2,"column":18},"end":{"line":2,"column":38}},"2":{"start":{"line":3,"column":14},"end":{"line":3,"column":44}},"3":{"start":{"line":4,"column":11},"end":{"line":4,"column":38}},"4":{"start":{"line":15,"column":0},"end":{"line":22,"column":1}},"5":{"start":{"line":16,"column":4},"end":{"line":21,"column":5}},"6":{"start":{"line":17,"column":22},"end":{"line":17,"column":58}},"7":{"start":{"line":18,"column":8},"end":{"line":18,"column":66}},"8":{"start":{"line":20,"column":8},"end":{"line":20,"column":37}},"9":{"start":{"line":29,"column":0},"end":{"line":36,"column":1}},"10":{"start":{"line":30,"column":4},"end":{"line":35,"column":5}},"11":{"start":{"line":31,"column":23},"end":{"line":31,"column":39}},"12":{"start":{"line":32,"column":8},"end":{"line":32,"column":57}},"13":{"start":{"line":34,"column":8},"end":{"line":34,"column":37}},"14":{"start":{"line":43,"column":0},"end":{"line":50,"column":1}},"15":{"start":{"line":44,"column":4},"end":{"line":49,"column":5}},"16":{"start":{"line":45,"column":8},"end":{"line":45,"column":30}},"17":{"start":{"line":46,"column":8},"end":{"line":46,"column":69}},"18":{"start":{"line":48,"column":8},"end":{"line":48,"column":37}},"19":{"start":{"line":57,"column":0},"end":{"line":64,"column":1}},"20":{"start":{"line":58,"column":4},"end":{"line":63,"column":5}},"21":{"start":{"line":59,"column":8},"end":{"line":59,"column":30}},"22":{"start":{"line":60,"column":8},"end":{"line":60,"column":61}},"23":{"start":{"line":62,"column":8},"end":{"line":62,"column":37}},"24":{"start":{"line":71,"column":0},"end":{"line":78,"column":1}},"25":{"start":{"line":72,"column":4},"end":{"line":77,"column":5}},"26":{"start":{"line":73,"column":23},"end":{"line":73,"column":39}},"27":{"start":{"line":74,"column":8},"end":{"line":74,"column":60}},"28":{"start":{"line":76,"column":8},"end":{"line":76,"column":37}}},"fnMap":{"0":{"name":"(anonymous_0)","decl":{"start":{"line":15,"column":19},"end":{"line":15,"column":20}},"loc":{"start":{"line":15,"column":39},"end":{"line":22,"column":1}},"line":15},"1":{"name":"(anonymous_1)","decl":{"start":{"line":29,"column":18},"end":{"line":29,"column":19}},"loc":{"start":{"line":29,"column":38},"end":{"line":36,"column":1}},"line":29},"2":{"name":"(anonymous_2)","decl":{"start":{"line":43,"column":21},"end":{"line":43,"column":22}},"loc":{"start":{"line":43,"column":41},"end":{"line":50,"column":1}},"line":43},"3":{"name":"(anonymous_3)","decl":{"start":{"line":57,"column":21},"end":{"line":57,"column":22}},"loc":{"start":{"line":57,"column":41},"end":{"line":64,"column":1}},"line":57},"4":{"name":"(anonymous_4)","decl":{"start":{"line":71,"column":21},"end":{"line":71,"column":22}},"loc":{"start":{"line":71,"column":41},"end":{"line":78,"column":1}},"line":71}},"branchMap":{},"s":{"0":1,"1":1,"2":1,"3":1,"4":1,"5":0,"6":0,"7":0,"8":0,"9":1,"10":0,"11":0,"12":0,"13":0,"14":1,"15":0,"16":0,"17":0,"18":0,"19":1,"20":0,"21":0,"22":0,"23":0,"24":1,"25":0,"26":0,"27":0,"28":0},"f":{"0":0,"1":0,"2":0,"3":0,"4":0},"b":{},"_coverageSchema":"1a1c01bbd47fc00a2c39e90264f33305004495a9","hash":"7a4b5392bdc2318f9f2d8ca03ba4c6b84fb09341","contentHash":"2799867ae739cecfab80d4e6c7da5f403a21bd588497a079acd9a0e35bafdd7e"},"C:\\Users\\artur\\Desktop\\TRABAJOS\\BE BETTER\\enligthneering\\api\\controllers\\roles.validate.js":{"path":"C:\\Users\\artur\\Desktop\\TRABAJOS\\BE BETTER\\enligthneering\\api\\controllers\\roles.validate.js","statementMap":{"0":{"start":{"line":1,"column":18},"end":{"line":1,"column":46}},"1":{"start":{"line":2,"column":29},"end":{"line":2,"column":59}},"2":{"start":{"line":7,"column":0},"end":{"line":19,"column":1}},"3":{"start":{"line":17,"column":8},"end":{"line":17,"column":40}},"4":{"start":{"line":24,"column":0},"end":{"line":42,"column":1}},"5":{"start":{"line":40,"column":8},"end":{"line":40,"column":40}},"6":{"start":{"line":47,"column":0},"end":{"line":57,"column":1}},"7":{"start":{"line":55,"column":8},"end":{"line":55,"column":40}},"8":{"start":{"line":62,"column":0},"end":{"line":72,"column":1}},"9":{"start":{"line":70,"column":8},"end":{"line":70,"column":40}}},"fnMap":{"0":{"name":"(anonymous_0)","decl":{"start":{"line":16,"column":4},"end":{"line":16,"column":5}},"loc":{"start":{"line":16,"column":24},"end":{"line":18,"column":5}},"line":16},"1":{"name":"(anonymous_1)","decl":{"start":{"line":39,"column":4},"end":{"line":39,"column":5}},"loc":{"start":{"line":39,"column":24},"end":{"line":41,"column":5}},"line":39},"2":{"name":"(anonymous_2)","decl":{"start":{"line":54,"column":4},"end":{"line":54,"column":5}},"loc":{"start":{"line":54,"column":24},"end":{"line":56,"column":5}},"line":54},"3":{"name":"(anonymous_3)","decl":{"start":{"line":69,"column":4},"end":{"line":69,"column":5}},"loc":{"start":{"line":69,"column":24},"end":{"line":71,"column":5}},"line":69}},"branchMap":{},"s":{"0":1,"1":1,"2":1,"3":0,"4":1,"5":0,"6":1,"7":0,"8":1,"9":0},"f":{"0":0,"1":0,"2":0,"3":0},"b":{},"_coverageSchema":"1a1c01bbd47fc00a2c39e90264f33305004495a9","hash":"a2420c17aaeac3889e6046d482296046c23c7fce","contentHash":"fb08b7231e5f5d766f9cf8e2291e7d10ef976b53e6ca6a20a0a005b5364b10f1"},"C:\\Users\\artur\\Desktop\\TRABAJOS\\BE BETTER\\enligthneering\\api\\routes\\users.js":{"path":"C:\\Users\\artur\\Desktop\\TRABAJOS\\BE BETTER\\enligthneering\\api\\routes\\users.js","statementMap":{"0":{"start":{"line":1,"column":16},"end":{"line":1,"column":34}},"1":{"start":{"line":2,"column":17},"end":{"line":2,"column":36}},"2":{"start":{"line":3,"column":20},"end":{"line":3,"column":43}},"3":{"start":{"line":4,"column":19},"end":{"line":4,"column":50}},"4":{"start":{"line":5,"column":17},"end":{"line":5,"column":57}},"5":{"start":{"line":7,"column":15},"end":{"line":7,"column":31}},"6":{"start":{"line":8,"column":0},"end":{"line":8,"column":29}},"7":{"start":{"line":9,"column":20},"end":{"line":9,"column":56}},"8":{"start":{"line":11,"column":20},"end":{"line":13,"column":2}},"9":{"start":{"line":49,"column":0},"end":{"line":56,"column":1}},"10":{"start":{"line":86,"column":0},"end":{"line":93,"column":1}},"11":{"start":{"line":113,"column":0},"end":{"line":119,"column":1}},"12":{"start":{"line":155,"column":0},"end":{"line":162,"column":1}},"13":{"start":{"line":192,"column":0},"end":{"line":199,"column":1}},"14":{"start":{"line":201,"column":0},"end":{"line":201,"column":23}}},"fnMap":{},"branchMap":{},"s":{"0":1,"1":1,"2":1,"3":1,"4":1,"5":1,"6":1,"7":1,"8":1,"9":1,"10":1,"11":1,"12":1,"13":1,"14":1},"f":{},"b":{},"_coverageSchema":"1a1c01bbd47fc00a2c39e90264f33305004495a9","hash":"7ada2fd41341b3bb0380681bde0c52ef01719af5","contentHash":"1cfae87200fd50f434c48b7caee200db420ab8a6ea5971fae94b9e3b344ac648"},"C:\\Users\\artur\\Desktop\\TRABAJOS\\BE BETTER\\enligthneering\\api\\controllers\\users.js":{"path":"C:\\Users\\artur\\Desktop\\TRABAJOS\\BE BETTER\\enligthneering\\api\\controllers\\users.js","statementMap":{"0":{"start":{"line":1,"column":24},"end":{"line":1,"column":52}},"1":{"start":{"line":2,"column":22},"end":{"line":2,"column":42}},"2":{"start":{"line":3,"column":14},"end":{"line":3,"column":44}},"3":{"start":{"line":4,"column":11},"end":{"line":4,"column":38}},"4":{"start":{"line":15,"column":0},"end":{"line":33,"column":1}},"5":{"start":{"line":16,"column":4},"end":{"line":32,"column":5}},"6":{"start":{"line":17,"column":22},"end":{"line":17,"column":52}},"7":{"start":{"line":18,"column":21},"end":{"line":27,"column":10}},"8":{"start":{"line":28,"column":8},"end":{"line":28,"column":57}},"9":{"start":{"line":30,"column":8},"end":{"line":30,"column":26}},"10":{"start":{"line":31,"column":8},"end":{"line":31,"column":70}},"11":{"start":{"line":40,"column":0},"end":{"line":57,"column":1}},"12":{"start":{"line":41,"column":4},"end":{"line":56,"column":5}},"13":{"start":{"line":42,"column":23},"end":{"line":42,"column":39}},"14":{"start":{"line":43,"column":21},"end":{"line":52,"column":10}},"15":{"start":{"line":53,"column":8},"end":{"line":53,"column":34}},"16":{"start":{"line":55,"column":8},"end":{"line":55,"column":70}},"17":{"start":{"line":64,"column":0},"end":{"line":73,"column":1}},"18":{"start":{"line":65,"column":4},"end":{"line":72,"column":5}},"19":{"start":{"line":66,"column":8},"end":{"line":66,"column":30}},"20":{"start":{"line":67,"column":31},"end":{"line":67,"column":69}},"21":{"start":{"line":68,"column":38},"end":{"line":68,"column":48}},"22":{"start":{"line":69,"column":8},"end":{"line":69,"column":34}},"23":{"start":{"line":71,"column":8},"end":{"line":71,"column":37}},"24":{"start":{"line":80,"column":0},"end":{"line":89,"column":1}},"25":{"start":{"line":81,"column":4},"end":{"line":88,"column":5}},"26":{"start":{"line":82,"column":8},"end":{"line":82,"column":30}},"27":{"start":{"line":83,"column":31},"end":{"line":83,"column":61}},"28":{"start":{"line":84,"column":38},"end":{"line":84,"column":48}},"29":{"start":{"line":85,"column":8},"end":{"line":85,"column":34}},"30":{"start":{"line":87,"column":8},"end":{"line":87,"column":37}},"31":{"start":{"line":96,"column":0},"end":{"line":103,"column":1}},"32":{"start":{"line":97,"column":4},"end":{"line":102,"column":5}},"33":{"start":{"line":98,"column":23},"end":{"line":98,"column":39}},"34":{"start":{"line":99,"column":8},"end":{"line":99,"column":59}},"35":{"start":{"line":101,"column":8},"end":{"line":101,"column":37}}},"fnMap":{"0":{"name":"(anonymous_0)","decl":{"start":{"line":15,"column":19},"end":{"line":15,"column":20}},"loc":{"start":{"line":15,"column":39},"end":{"line":33,"column":1}},"line":15},"1":{"name":"(anonymous_1)","decl":{"start":{"line":40,"column":18},"end":{"line":40,"column":19}},"loc":{"start":{"line":40,"column":38},"end":{"line":57,"column":1}},"line":40},"2":{"name":"(anonymous_2)","decl":{"start":{"line":64,"column":21},"end":{"line":64,"column":22}},"loc":{"start":{"line":64,"column":41},"end":{"line":73,"column":1}},"line":64},"3":{"name":"(anonymous_3)","decl":{"start":{"line":80,"column":21},"end":{"line":80,"column":22}},"loc":{"start":{"line":80,"column":41},"end":{"line":89,"column":1}},"line":80},"4":{"name":"(anonymous_4)","decl":{"start":{"line":96,"column":21},"end":{"line":96,"column":22}},"loc":{"start":{"line":96,"column":41},"end":{"line":103,"column":1}},"line":96}},"branchMap":{},"s":{"0":1,"1":1,"2":1,"3":1,"4":1,"5":0,"6":0,"7":0,"8":0,"9":0,"10":0,"11":1,"12":0,"13":0,"14":0,"15":0,"16":0,"17":1,"18":0,"19":0,"20":0,"21":0,"22":0,"23":0,"24":1,"25":0,"26":0,"27":0,"28":0,"29":0,"30":0,"31":1,"32":0,"33":0,"34":0,"35":0},"f":{"0":0,"1":0,"2":0,"3":0,"4":0},"b":{},"_coverageSchema":"1a1c01bbd47fc00a2c39e90264f33305004495a9","hash":"1c9e213a3108f4a03cc9726438fc48f5d0a01b6b","contentHash":"745516426f5a1ec44d7521f2f260c3783b07ab759272908eabb017ad83b3925e"},"C:\\Users\\artur\\Desktop\\TRABAJOS\\BE BETTER\\enligthneering\\api\\controllers\\users.validate.js":{"path":"C:\\Users\\artur\\Desktop\\TRABAJOS\\BE BETTER\\enligthneering\\api\\controllers\\users.validate.js","statementMap":{"0":{"start":{"line":1,"column":18},"end":{"line":1,"column":46}},"1":{"start":{"line":2,"column":29},"end":{"line":2,"column":59}},"2":{"start":{"line":7,"column":0},"end":{"line":43,"column":1}},"3":{"start":{"line":41,"column":8},"end":{"line":41,"column":40}},"4":{"start":{"line":48,"column":0},"end":{"line":78,"column":1}},"5":{"start":{"line":76,"column":8},"end":{"line":76,"column":40}},"6":{"start":{"line":83,"column":0},"end":{"line":93,"column":1}},"7":{"start":{"line":91,"column":8},"end":{"line":91,"column":40}},"8":{"start":{"line":98,"column":0},"end":{"line":108,"column":1}},"9":{"start":{"line":106,"column":8},"end":{"line":106,"column":40}}},"fnMap":{"0":{"name":"(anonymous_0)","decl":{"start":{"line":40,"column":4},"end":{"line":40,"column":5}},"loc":{"start":{"line":40,"column":24},"end":{"line":42,"column":5}},"line":40},"1":{"name":"(anonymous_1)","decl":{"start":{"line":75,"column":4},"end":{"line":75,"column":5}},"loc":{"start":{"line":75,"column":24},"end":{"line":77,"column":5}},"line":75},"2":{"name":"(anonymous_2)","decl":{"start":{"line":90,"column":4},"end":{"line":90,"column":5}},"loc":{"start":{"line":90,"column":24},"end":{"line":92,"column":5}},"line":90},"3":{"name":"(anonymous_3)","decl":{"start":{"line":105,"column":4},"end":{"line":105,"column":5}},"loc":{"start":{"line":105,"column":24},"end":{"line":107,"column":5}},"line":105}},"branchMap":{},"s":{"0":1,"1":1,"2":1,"3":0,"4":1,"5":0,"6":1,"7":0,"8":1,"9":0},"f":{"0":0,"1":0,"2":0,"3":0},"b":{},"_coverageSchema":"1a1c01bbd47fc00a2c39e90264f33305004495a9","hash":"3bf377f5253d36f338ed541c20c4bdd24b4bc318","contentHash":"bf1e8109c3d1ee28d794ef352cd7855e731cbcfcad59b2a68dfd41b0c682752a"}}